

times in msec
 clock   self+sourced   self:  sourced script
 clock   elapsed:              other lines

000.011  000.011: --- NVIM STARTING ---
001.283  001.273: locale set
007.351  006.067: inits 1
007.387  000.037: window checked
007.394  000.006: parsing arguments
007.732  000.338: expanding arguments
007.828  000.096: inits 2
008.319  000.491: init highlight
008.321  000.002: waiting for UI
011.771  003.450: done waiting for UI
011.798  000.027: initialized screen early for UI
014.354  000.291  000.291: sourcing /usr/local/Cellar/neovim/0.5.0/share/nvim/runtime/syntax/syncolor.vim
014.941  001.096  000.805: sourcing /usr/local/Cellar/neovim/0.5.0/share/nvim/runtime/syntax/synload.vim
023.873  008.753  008.753: sourcing /usr/local/Cellar/neovim/0.5.0/share/nvim/runtime/filetype.vim
026.709  001.783  001.783: sourcing /usr/local/Cellar/neovim/0.5.0/share/nvim/runtime/scripts.vim
027.168  013.916  002.283: sourcing /usr/local/Cellar/neovim/0.5.0/share/nvim/runtime/syntax/syntax.vim
029.935  002.512  002.512: sourcing /Users/prize/.local/share/nvim/site/autoload/plug.vim
034.863  002.086  002.086: sourcing /usr/local/Cellar/neovim/0.5.0/share/nvim/runtime/ftoff.vim
043.979  000.034  000.034: sourcing /Users/prize/.config/nvim/plugged/nvim-treesitter/ftdetect/gdscript.vim
044.097  000.026  000.026: sourcing /Users/prize/.config/nvim/plugged/nvim-treesitter/ftdetect/gomod.vim
044.221  000.038  000.038: sourcing /Users/prize/.config/nvim/plugged/nvim-treesitter/ftdetect/query.vim
044.575  000.030  000.030: sourcing /Users/prize/.config/nvim/plugged/vim-fugitive/ftdetect/fugitive.vim
045.967  008.898  008.771: sourcing /usr/local/Cellar/neovim/0.5.0/share/nvim/runtime/filetype.vim
046.596  000.051  000.051: sourcing /usr/local/Cellar/neovim/0.5.0/share/nvim/runtime/ftplugin.vim
047.474  000.069  000.069: sourcing /usr/local/Cellar/neovim/0.5.0/share/nvim/runtime/indent.vim
048.405  000.150  000.150: sourcing /usr/local/Cellar/neovim/0.5.0/share/nvim/runtime/syntax/syncolor.vim
049.555  000.139  000.139: sourcing /usr/local/Cellar/neovim/0.5.0/share/nvim/runtime/syntax/syncolor.vim
050.668  000.187  000.187: sourcing /usr/local/Cellar/neovim/0.5.0/share/nvim/runtime/syntax/syncolor.vim
051.665  000.143  000.143: sourcing /usr/local/Cellar/neovim/0.5.0/share/nvim/runtime/syntax/syncolor.vim
061.875  012.791  012.322: sourcing /Users/prize/.config/nvim/plugged/vim-code-dark/colors/codedark.vim
094.644  081.893  041.419: sourcing /Users/prize/.config/nvim/init.vim
094.661  000.971: sourcing vimrc file(s)
095.575  000.149  000.149: sourcing /Users/prize/.config/nvim/plugged/coc.nvim/autoload/coc/rpc.vim
096.632  000.853  000.853: sourcing /Users/prize/.config/nvim/plugged/coc.nvim/autoload/coc/util.vim
097.444  000.437  000.437: sourcing /Users/prize/.config/nvim/plugged/coc.nvim/autoload/coc/client.vim
102.499  007.287  005.848: sourcing /Users/prize/.config/nvim/plugged/coc.nvim/plugin/coc.vim
104.777  001.960  001.960: sourcing /Users/prize/.config/nvim/plugged/emmet-vim/plugin/emmet.vim
105.914  000.837  000.837: sourcing /Users/prize/.config/nvim/plugged/fzf/plugin/fzf.vim
108.031  001.806  001.806: sourcing /Users/prize/.config/nvim/plugged/fzf.vim/plugin/fzf.vim
108.846  000.186  000.186: sourcing /Users/prize/.config/nvim/plugged/vista.vim/plugin/vista.vim
110.777  000.361  000.361: sourcing /Users/prize/.config/nvim/plugged/delimitMate/autoload/delimitMate.vim
114.256  004.977  004.616: sourcing /Users/prize/.config/nvim/plugged/delimitMate/plugin/delimitMate.vim
116.172  000.702  000.702: sourcing /Users/prize/.config/nvim/plugged/vim-sandwich/plugin/operator/sandwich.vim
116.537  000.198  000.198: sourcing /Users/prize/.config/nvim/plugged/vim-sandwich/plugin/sandwich.vim
116.794  000.180  000.180: sourcing /Users/prize/.config/nvim/plugged/vim-sandwich/plugin/textobj/sandwich.vim
117.245  000.170  000.170: sourcing /Users/prize/.config/nvim/plugged/vim-commentary/plugin/commentary.vim
118.233  000.703  000.703: sourcing /Users/prize/.config/nvim/plugged/vim-abolish/plugin/abolish.vim
118.700  000.202  000.202: sourcing /Users/prize/.config/nvim/plugged/tabular/plugin/Tabular.vim
119.126  000.134  000.134: sourcing /Users/prize/.config/nvim/plugged/undotree/plugin/undotree.vim
121.110  001.750  001.750: sourcing /Users/prize/.config/nvim/plugged/nvim-ts-autotag/plugin/nvim-ts-autotag.vim
122.180  000.694  000.694: sourcing /Users/prize/.config/nvim/plugged/nvim-treesitter/plugin/nvim-treesitter.vim
125.119  002.526  002.526: sourcing /Users/prize/.config/nvim/plugged/vim-fugitive/plugin/fugitive.vim
125.965  000.115  000.115: sourcing /Users/prize/.config/nvim/plugged/plenary.nvim/plugin/plenary.vim
127.405  000.063  000.063: sourcing /Users/prize/.config/nvim/plugged/indent-blankline.nvim/autoload/indent_blankline/helper.vim
131.531  004.894  004.831: sourcing /Users/prize/.config/nvim/plugged/indent-blankline.nvim/plugin/indent_blankline.vim
133.337  000.144  000.144: sourcing /Users/prize/.config/nvim/plugged/vim-airline/autoload/airline/init.vim
134.064  000.156  000.156: sourcing /Users/prize/.config/nvim/plugged/vim-airline/autoload/airline/parts.vim
134.596  000.041  000.041: sourcing /Users/prize/.config/nvim/plugged/vim-airline/autoload/airline/formatter/short_path.vim
136.275  000.240  000.240: sourcing /Users/prize/.config/nvim/plugged/vim-airline/autoload/airline/util.vim
136.402  003.872  003.291: sourcing /Users/prize/.config/nvim/plugged/vim-airline/plugin/airline.vim
138.012  000.281  000.281: sourcing /Users/prize/.config/nvim/plugged/vim-airline/autoload/airline.vim
139.672  002.984  002.703: sourcing /Users/prize/.config/nvim/plugged/vim-devicons/plugin/webdevicons.vim
142.311  000.564  000.564: sourcing /usr/local/Cellar/neovim/0.5.0/share/nvim/runtime/plugin/gzip.vim
142.494  000.036  000.036: sourcing /usr/local/Cellar/neovim/0.5.0/share/nvim/runtime/plugin/health.vim
143.125  000.512  000.512: sourcing /usr/local/Cellar/neovim/0.5.0/share/nvim/runtime/plugin/man.vim
146.838  000.716  000.716: sourcing /usr/local/Cellar/neovim/0.5.0/share/nvim/runtime/pack/dist/opt/matchit/plugin/matchit.vim
147.710  004.420  003.703: sourcing /usr/local/Cellar/neovim/0.5.0/share/nvim/runtime/plugin/matchit.vim
148.066  000.225  000.225: sourcing /usr/local/Cellar/neovim/0.5.0/share/nvim/runtime/plugin/matchparen.vim
148.878  000.696  000.696: sourcing /usr/local/Cellar/neovim/0.5.0/share/nvim/runtime/plugin/netrwPlugin.vim
149.277  000.260  000.260: sourcing /usr/local/Cellar/neovim/0.5.0/share/nvim/runtime/plugin/rplugin.vim
149.589  000.199  000.199: sourcing /usr/local/Cellar/neovim/0.5.0/share/nvim/runtime/plugin/shada.vim
149.750  000.047  000.047: sourcing /usr/local/Cellar/neovim/0.5.0/share/nvim/runtime/plugin/spellfile.vim
150.078  000.223  000.223: sourcing /usr/local/Cellar/neovim/0.5.0/share/nvim/runtime/plugin/tarPlugin.vim
150.302  000.121  000.121: sourcing /usr/local/Cellar/neovim/0.5.0/share/nvim/runtime/plugin/tohtml.vim
150.445  000.041  000.041: sourcing /usr/local/Cellar/neovim/0.5.0/share/nvim/runtime/plugin/tutor.vim
150.823  000.253  000.253: sourcing /usr/local/Cellar/neovim/0.5.0/share/nvim/runtime/plugin/zipPlugin.vim
155.423  016.987: loading plugins
155.782  000.359: loading packages
156.837  000.298  000.298: sourcing /Users/prize/.config/nvim/plugged/tabular/autoload/tabular.vim
159.178  002.972  002.674: sourcing /Users/prize/.config/nvim/plugged/tabular/after/plugin/TabularMaps.vim
159.916  001.162: loading after plugins
159.934  000.017: inits 3
161.978  002.044: reading ShaDa
162.811  000.083  000.083: sourcing /Users/prize/.config/nvim/plugged/indent-blankline.nvim/autoload/indent_blankline.vim
164.068  000.396  000.396: sourcing /Users/prize/.config/nvim/plugged/vim-airline/autoload/airline/extensions.vim
164.569  000.087  000.087: sourcing /Users/prize/.config/nvim/plugged/vim-airline/autoload/airline/extensions/quickfix.vim
165.007  000.074  000.074: sourcing /Users/prize/.config/nvim/plugged/vim-airline/autoload/airline/extensions/netrw.vim
165.456  000.062  000.062: sourcing /Users/prize/.config/nvim/plugged/vim-airline/autoload/airline/extensions/fzf.vim
166.458  000.108  000.108: sourcing /Users/prize/.config/nvim/plugged/vim-airline/autoload/airline/section.vim
167.036  000.211  000.211: sourcing /Users/prize/.config/nvim/plugged/vim-airline/autoload/airline/highlighter.vim
167.325  001.326  001.007: sourcing /Users/prize/.config/nvim/plugged/vim-airline/autoload/airline/extensions/term.vim
167.735  000.054  000.054: sourcing /Users/prize/.config/nvim/plugged/vim-airline/autoload/airline/extensions/undotree.vim
168.303  000.241  000.241: sourcing /Users/prize/.config/nvim/plugged/vim-airline/autoload/airline/extensions/hunks.vim
168.782  000.051  000.051: sourcing /Users/prize/.config/nvim/plugged/vim-airline/autoload/airline/extensions/vista.vim
169.367  000.247  000.247: sourcing /Users/prize/.config/nvim/plugged/vim-airline/autoload/airline/extensions/branch.vim
169.782  000.072  000.072: sourcing /Users/prize/.config/nvim/plugged/vim-airline/autoload/airline/extensions/fugitiveline.vim
170.215  000.078  000.078: sourcing /Users/prize/.config/nvim/plugged/vim-airline/autoload/airline/extensions/nvimlsp.vim
170.586  000.072  000.072: sourcing /Users/prize/.config/nvim/plugged/vim-airline/autoload/airline/extensions/coc.vim
171.168  000.204  000.204: sourcing /Users/prize/.config/nvim/plugged/vim-airline/autoload/airline/extensions/po.vim
171.627  000.171  000.171: sourcing /Users/prize/.config/nvim/plugged/vim-airline/autoload/airline/extensions/wordcount.vim
172.372  000.447  000.447: sourcing /Users/prize/.config/nvim/plugged/vim-airline/autoload/airline/extensions/tabline.vim
172.827  000.116  000.116: sourcing /Users/prize/.config/nvim/plugged/vim-airline/autoload/airline/extensions/tabline/autoshow.vim
173.585  000.243  000.243: sourcing /Users/prize/.config/nvim/plugged/vim-airline/autoload/airline/extensions/tabline/tabs.vim
174.449  000.282  000.282: sourcing /Users/prize/.config/nvim/plugged/vim-airline/autoload/airline/extensions/tabline/buffers.vim
175.049  000.085  000.085: sourcing /Users/prize/.config/nvim/plugged/vim-airline/autoload/airline/extensions/keymap.vim
175.990  000.118  000.118: sourcing /Users/prize/.config/nvim/plugged/vim-airline/autoload/airline/extensions/searchcount.vim
187.378  000.213  000.213: sourcing /Users/prize/.config/nvim/plugged/vim-airline/autoload/airline/themes.vim
187.680  000.902  000.688: sourcing /Users/prize/.config/nvim/plugged/vim-code-dark/autoload/airline/themes/codedark.vim
214.420  000.444  000.444: sourcing /Users/prize/.config/nvim/plugged/vim-airline/autoload/airline/builder.vim
215.644  000.277  000.277: sourcing /Users/prize/.config/nvim/plugged/vim-airline/autoload/airline/extensions/default.vim
272.325  104.217: opening buffers
275.725  003.401: BufEnter autocommands
275.728  000.003: editing files in windows
276.246  000.517: VimEnter autocommands
276.249  000.003: UIEnter autocommands
276.913  000.317  000.317: sourcing /usr/local/Cellar/neovim/0.5.0/share/nvim/runtime/autoload/provider/clipboard.vim
276.923  000.357: before starting main loop
278.428  001.385  001.385: sourcing /Users/prize/.config/nvim/plugged/coc.nvim/autoload/coc/float.vim
279.663  000.145  000.145: sourcing /Users/prize/.config/nvim/plugged/vim-airline/autoload/airline/extensions/tabline/ctrlspace.vim
280.073  000.139  000.139: sourcing /Users/prize/.config/nvim/plugged/vim-airline/autoload/airline/extensions/tabline/tabws.vim
280.707  000.154  000.154: sourcing /Users/prize/.config/nvim/plugged/vim-airline/autoload/airline/extensions/tabline/builder.vim
281.099  000.083  000.083: sourcing /Users/prize/.config/nvim/plugged/vim-airline/autoload/airline/extensions/tabline/buflist.vim
284.159  000.055  000.055: sourcing /Users/prize/.config/nvim/plugged/vim-devicons/autoload/airline/extensions/tabline/formatters/webdevicons.vim
284.530  000.087  000.087: sourcing /Users/prize/.config/nvim/plugged/vim-airline/autoload/airline/extensions/tabline/formatters/unique_tail_improved.vim
284.863  000.071  000.071: sourcing /Users/prize/.config/nvim/plugged/vim-airline/autoload/airline/extensions/tabline/formatters/default.vim
293.846  004.662  004.662: sourcing /Users/prize/.config/nvim/plugged/vim-fugitive/autoload/fugitive.vim
297.435  013.730: first screen update
297.438  000.003: --- NVIM STARTED ---


times in msec
 clock   self+sourced   self:  sourced script
 clock   elapsed:              other lines

000.010  000.010: --- NVIM STARTING ---
001.154  001.144: locale set
007.204  006.050: inits 1
007.241  000.037: window checked
007.248  000.007: parsing arguments
007.608  000.360: expanding arguments
007.698  000.089: inits 2
008.196  000.499: init highlight
008.198  000.002: waiting for UI
011.491  003.293: done waiting for UI
011.505  000.014: initialized screen early for UI
014.432  000.370  000.370: sourcing /usr/local/Cellar/neovim/0.5.0/share/nvim/runtime/syntax/syncolor.vim
015.026  002.041  001.671: sourcing /usr/local/Cellar/neovim/0.5.0/share/nvim/runtime/syntax/synload.vim
023.726  008.514  008.514: sourcing /usr/local/Cellar/neovim/0.5.0/share/nvim/runtime/filetype.vim
025.749  000.833  000.833: sourcing /usr/local/Cellar/neovim/0.5.0/share/nvim/runtime/scripts.vim
026.306  013.834  002.445: sourcing /usr/local/Cellar/neovim/0.5.0/share/nvim/runtime/syntax/syntax.vim
028.699  002.052  002.052: sourcing /Users/prize/.local/share/nvim/site/autoload/plug.vim
033.603  001.808  001.808: sourcing /usr/local/Cellar/neovim/0.5.0/share/nvim/runtime/ftoff.vim
042.290  000.023  000.023: sourcing /Users/prize/.config/nvim/plugged/nvim-treesitter/ftdetect/gdscript.vim
042.377  000.017  000.017: sourcing /Users/prize/.config/nvim/plugged/nvim-treesitter/ftdetect/gomod.vim
042.471  000.028  000.028: sourcing /Users/prize/.config/nvim/plugged/nvim-treesitter/ftdetect/query.vim
042.630  000.017  000.017: sourcing /Users/prize/.config/nvim/plugged/vim-fugitive/ftdetect/fugitive.vim
043.669  007.884  007.799: sourcing /usr/local/Cellar/neovim/0.5.0/share/nvim/runtime/filetype.vim
044.239  000.045  000.045: sourcing /usr/local/Cellar/neovim/0.5.0/share/nvim/runtime/ftplugin.vim
044.798  000.040  000.040: sourcing /usr/local/Cellar/neovim/0.5.0/share/nvim/runtime/indent.vim
045.764  000.144  000.144: sourcing /usr/local/Cellar/neovim/0.5.0/share/nvim/runtime/syntax/syncolor.vim
046.839  000.129  000.129: sourcing /usr/local/Cellar/neovim/0.5.0/share/nvim/runtime/syntax/syncolor.vim
047.901  000.187  000.187: sourcing /usr/local/Cellar/neovim/0.5.0/share/nvim/runtime/syntax/syncolor.vim
048.765  000.130  000.130: sourcing /usr/local/Cellar/neovim/0.5.0/share/nvim/runtime/syntax/syncolor.vim
058.424  012.034  011.588: sourcing /Users/prize/.config/nvim/plugged/vim-code-dark/colors/codedark.vim
088.399  076.341  038.500: sourcing /Users/prize/.config/nvim/init.vim
088.411  000.565: sourcing vimrc file(s)
089.326  000.094  000.094: sourcing /Users/prize/.config/nvim/plugged/coc.nvim/autoload/coc/rpc.vim
090.102  000.665  000.665: sourcing /Users/prize/.config/nvim/plugged/coc.nvim/autoload/coc/util.vim
090.808  000.398  000.398: sourcing /Users/prize/.config/nvim/plugged/coc.nvim/autoload/coc/client.vim
095.601  006.576  005.419: sourcing /Users/prize/.config/nvim/plugged/coc.nvim/plugin/coc.vim
097.936  002.013  002.013: sourcing /Users/prize/.config/nvim/plugged/emmet-vim/plugin/emmet.vim
099.106  000.893  000.893: sourcing /Users/prize/.config/nvim/plugged/fzf/plugin/fzf.vim
100.188  000.824  000.824: sourcing /Users/prize/.config/nvim/plugged/fzf.vim/plugin/fzf.vim
100.519  000.090  000.090: sourcing /Users/prize/.config/nvim/plugged/vista.vim/plugin/vista.vim
101.603  000.410  000.410: sourcing /Users/prize/.config/nvim/plugged/delimitMate/autoload/delimitMate.vim
104.123  003.388  002.978: sourcing /Users/prize/.config/nvim/plugged/delimitMate/plugin/delimitMate.vim
105.421  000.565  000.565: sourcing /Users/prize/.config/nvim/plugged/vim-sandwich/plugin/operator/sandwich.vim
105.688  000.186  000.186: sourcing /Users/prize/.config/nvim/plugged/vim-sandwich/plugin/sandwich.vim
105.940  000.181  000.181: sourcing /Users/prize/.config/nvim/plugged/vim-sandwich/plugin/textobj/sandwich.vim
106.350  000.164  000.164: sourcing /Users/prize/.config/nvim/plugged/vim-commentary/plugin/commentary.vim
107.390  000.815  000.815: sourcing /Users/prize/.config/nvim/plugged/vim-abolish/plugin/abolish.vim
107.879  000.202  000.202: sourcing /Users/prize/.config/nvim/plugged/tabular/plugin/Tabular.vim
108.282  000.125  000.125: sourcing /Users/prize/.config/nvim/plugged/undotree/plugin/undotree.vim
109.859  001.351  001.351: sourcing /Users/prize/.config/nvim/plugged/nvim-ts-autotag/plugin/nvim-ts-autotag.vim
110.767  000.654  000.654: sourcing /Users/prize/.config/nvim/plugged/nvim-treesitter/plugin/nvim-treesitter.vim
112.719  001.708  001.708: sourcing /Users/prize/.config/nvim/plugged/vim-fugitive/plugin/fugitive.vim
113.270  000.061  000.061: sourcing /Users/prize/.config/nvim/plugged/plenary.nvim/plugin/plenary.vim
113.856  000.028  000.028: sourcing /Users/prize/.config/nvim/plugged/indent-blankline.nvim/autoload/indent_blankline/helper.vim
116.052  002.514  002.486: sourcing /Users/prize/.config/nvim/plugged/indent-blankline.nvim/plugin/indent_blankline.vim
116.880  000.135  000.135: sourcing /Users/prize/.config/nvim/plugged/vim-airline/autoload/airline/init.vim
117.446  000.110  000.110: sourcing /Users/prize/.config/nvim/plugged/vim-airline/autoload/airline/parts.vim
117.821  000.026  000.026: sourcing /Users/prize/.config/nvim/plugged/vim-airline/autoload/airline/formatter/short_path.vim
119.111  000.164  000.164: sourcing /Users/prize/.config/nvim/plugged/vim-airline/autoload/airline/util.vim
119.203  002.895  002.459: sourcing /Users/prize/.config/nvim/plugged/vim-airline/plugin/airline.vim
120.941  000.289  000.289: sourcing /Users/prize/.config/nvim/plugged/vim-airline/autoload/airline.vim
122.254  002.732  002.443: sourcing /Users/prize/.config/nvim/plugged/vim-devicons/plugin/webdevicons.vim
123.623  000.299  000.299: sourcing /usr/local/Cellar/neovim/0.5.0/share/nvim/runtime/plugin/gzip.vim
123.740  000.023  000.023: sourcing /usr/local/Cellar/neovim/0.5.0/share/nvim/runtime/plugin/health.vim
123.914  000.093  000.093: sourcing /usr/local/Cellar/neovim/0.5.0/share/nvim/runtime/plugin/man.vim
125.974  000.380  000.380: sourcing /usr/local/Cellar/neovim/0.5.0/share/nvim/runtime/pack/dist/opt/matchit/plugin/matchit.vim
126.339  002.343  001.963: sourcing /usr/local/Cellar/neovim/0.5.0/share/nvim/runtime/plugin/matchit.vim
126.664  000.205  000.205: sourcing /usr/local/Cellar/neovim/0.5.0/share/nvim/runtime/plugin/matchparen.vim
127.397  000.638  000.638: sourcing /usr/local/Cellar/neovim/0.5.0/share/nvim/runtime/plugin/netrwPlugin.vim
127.723  000.206  000.206: sourcing /usr/local/Cellar/neovim/0.5.0/share/nvim/runtime/plugin/rplugin.vim
127.947  000.130  000.130: sourcing /usr/local/Cellar/neovim/0.5.0/share/nvim/runtime/plugin/shada.vim
128.079  000.038  000.038: sourcing /usr/local/Cellar/neovim/0.5.0/share/nvim/runtime/plugin/spellfile.vim
128.351  000.187  000.187: sourcing /usr/local/Cellar/neovim/0.5.0/share/nvim/runtime/plugin/tarPlugin.vim
128.540  000.100  000.100: sourcing /usr/local/Cellar/neovim/0.5.0/share/nvim/runtime/plugin/tohtml.vim
128.677  000.054  000.054: sourcing /usr/local/Cellar/neovim/0.5.0/share/nvim/runtime/plugin/tutor.vim
129.104  000.270  000.270: sourcing /usr/local/Cellar/neovim/0.5.0/share/nvim/runtime/plugin/zipPlugin.vim
132.225  011.290: loading plugins
132.427  000.201: loading packages
133.306  000.257  000.257: sourcing /Users/prize/.config/nvim/plugged/tabular/autoload/tabular.vim
135.026  002.249  001.993: sourcing /Users/prize/.config/nvim/plugged/tabular/after/plugin/TabularMaps.vim
135.571  000.895: loading after plugins
135.584  000.013: inits 3
137.544  001.960: reading ShaDa
138.378  000.040  000.040: sourcing /Users/prize/.config/nvim/plugged/indent-blankline.nvim/autoload/indent_blankline.vim
139.163  000.287  000.287: sourcing /Users/prize/.config/nvim/plugged/vim-airline/autoload/airline/extensions.vim
139.488  000.069  000.069: sourcing /Users/prize/.config/nvim/plugged/vim-airline/autoload/airline/extensions/quickfix.vim
139.879  000.048  000.048: sourcing /Users/prize/.config/nvim/plugged/vim-airline/autoload/airline/extensions/netrw.vim
140.199  000.048  000.048: sourcing /Users/prize/.config/nvim/plugged/vim-airline/autoload/airline/extensions/fzf.vim
141.069  000.091  000.091: sourcing /Users/prize/.config/nvim/plugged/vim-airline/autoload/airline/section.vim
141.617  000.204  000.204: sourcing /Users/prize/.config/nvim/plugged/vim-airline/autoload/airline/highlighter.vim
141.891  001.201  000.906: sourcing /Users/prize/.config/nvim/plugged/vim-airline/autoload/airline/extensions/term.vim
142.255  000.047  000.047: sourcing /Users/prize/.config/nvim/plugged/vim-airline/autoload/airline/extensions/undotree.vim
142.627  000.105  000.105: sourcing /Users/prize/.config/nvim/plugged/vim-airline/autoload/airline/extensions/hunks.vim
142.941  000.041  000.041: sourcing /Users/prize/.config/nvim/plugged/vim-airline/autoload/airline/extensions/vista.vim
143.472  000.238  000.238: sourcing /Users/prize/.config/nvim/plugged/vim-airline/autoload/airline/extensions/branch.vim
143.846  000.069  000.069: sourcing /Users/prize/.config/nvim/plugged/vim-airline/autoload/airline/extensions/fugitiveline.vim
144.232  000.068  000.068: sourcing /Users/prize/.config/nvim/plugged/vim-airline/autoload/airline/extensions/nvimlsp.vim
144.577  000.068  000.068: sourcing /Users/prize/.config/nvim/plugged/vim-airline/autoload/airline/extensions/coc.vim
145.135  000.193  000.193: sourcing /Users/prize/.config/nvim/plugged/vim-airline/autoload/airline/extensions/po.vim
145.580  000.174  000.174: sourcing /Users/prize/.config/nvim/plugged/vim-airline/autoload/airline/extensions/wordcount.vim
146.167  000.320  000.320: sourcing /Users/prize/.config/nvim/plugged/vim-airline/autoload/airline/extensions/tabline.vim
146.540  000.094  000.094: sourcing /Users/prize/.config/nvim/plugged/vim-airline/autoload/airline/extensions/tabline/autoshow.vim
147.175  000.162  000.162: sourcing /Users/prize/.config/nvim/plugged/vim-airline/autoload/airline/extensions/tabline/tabs.vim
147.856  000.361  000.361: sourcing /Users/prize/.config/nvim/plugged/vim-airline/autoload/airline/extensions/tabline/buffers.vim
148.568  000.086  000.086: sourcing /Users/prize/.config/nvim/plugged/vim-airline/autoload/airline/extensions/keymap.vim
149.466  000.109  000.109: sourcing /Users/prize/.config/nvim/plugged/vim-airline/autoload/airline/extensions/searchcount.vim
160.011  000.136  000.136: sourcing /Users/prize/.config/nvim/plugged/vim-airline/autoload/airline/themes.vim
160.272  000.810  000.674: sourcing /Users/prize/.config/nvim/plugged/vim-code-dark/autoload/airline/themes/codedark.vim
187.341  000.357  000.357: sourcing /Users/prize/.config/nvim/plugged/vim-airline/autoload/airline/builder.vim
188.161  000.174  000.174: sourcing /Users/prize/.config/nvim/plugged/vim-airline/autoload/airline/extensions/default.vim
242.364  099.650: opening buffers
246.029  003.665: BufEnter autocommands
246.033  000.004: editing files in windows
246.514  000.481: VimEnter autocommands
246.517  000.003: UIEnter autocommands
247.153  000.300  000.300: sourcing /usr/local/Cellar/neovim/0.5.0/share/nvim/runtime/autoload/provider/clipboard.vim
247.162  000.345: before starting main loop
248.601  001.324  001.324: sourcing /Users/prize/.config/nvim/plugged/coc.nvim/autoload/coc/float.vim
249.608  000.132  000.132: sourcing /Users/prize/.config/nvim/plugged/vim-airline/autoload/airline/extensions/tabline/ctrlspace.vim
249.990  000.124  000.124: sourcing /Users/prize/.config/nvim/plugged/vim-airline/autoload/airline/extensions/tabline/tabws.vim
250.588  000.145  000.145: sourcing /Users/prize/.config/nvim/plugged/vim-airline/autoload/airline/extensions/tabline/builder.vim
251.121  000.185  000.185: sourcing /Users/prize/.config/nvim/plugged/vim-airline/autoload/airline/extensions/tabline/buflist.vim
254.118  000.050  000.050: sourcing /Users/prize/.config/nvim/plugged/vim-devicons/autoload/airline/extensions/tabline/formatters/webdevicons.vim
254.473  000.079  000.079: sourcing /Users/prize/.config/nvim/plugged/vim-airline/autoload/airline/extensions/tabline/formatters/unique_tail_improved.vim
254.841  000.087  000.087: sourcing /Users/prize/.config/nvim/plugged/vim-airline/autoload/airline/extensions/tabline/formatters/default.vim
264.339  005.093  005.093: sourcing /Users/prize/.config/nvim/plugged/vim-fugitive/autoload/fugitive.vim
267.856  013.474: first screen update
267.859  000.003: --- NVIM STARTED ---


times in msec
 clock   self+sourced   self:  sourced script
 clock   elapsed:              other lines

000.021  000.021: --- NVIM STARTING ---
001.168  001.147: locale set
006.720  005.552: inits 1
006.753  000.033: window checked
006.759  000.007: parsing arguments
007.188  000.428: expanding arguments
007.296  000.108: inits 2
009.213  001.918: init highlight
009.226  000.012: waiting for UI
013.149  003.924: done waiting for UI
013.164  000.015: initialized screen early for UI
017.613  001.168  001.168: sourcing /usr/local/Cellar/neovim/0.5.0/share/nvim/runtime/syntax/syncolor.vim
018.881  002.954  001.786: sourcing /usr/local/Cellar/neovim/0.5.0/share/nvim/runtime/syntax/synload.vim
029.359  010.290  010.290: sourcing /usr/local/Cellar/neovim/0.5.0/share/nvim/runtime/filetype.vim
033.066  002.236  002.236: sourcing /usr/local/Cellar/neovim/0.5.0/share/nvim/runtime/scripts.vim
033.559  019.012  003.532: sourcing /usr/local/Cellar/neovim/0.5.0/share/nvim/runtime/syntax/syntax.vim
037.598  003.817  003.817: sourcing /Users/prize/.local/share/nvim/site/autoload/plug.vim
042.963  002.493  002.493: sourcing /usr/local/Cellar/neovim/0.5.0/share/nvim/runtime/ftoff.vim
054.619  000.596  000.596: sourcing /Users/prize/.config/nvim/plugged/nvim-treesitter/ftdetect/gdscript.vim
055.389  000.624  000.624: sourcing /Users/prize/.config/nvim/plugged/nvim-treesitter/ftdetect/gomod.vim
055.792  000.258  000.258: sourcing /Users/prize/.config/nvim/plugged/nvim-treesitter/ftdetect/query.vim
057.854  000.446  000.446: sourcing /Users/prize/.config/nvim/plugged/vim-fugitive/ftdetect/fugitive.vim
058.991  013.744  011.820: sourcing /usr/local/Cellar/neovim/0.5.0/share/nvim/runtime/filetype.vim
060.325  000.760  000.760: sourcing /usr/local/Cellar/neovim/0.5.0/share/nvim/runtime/ftplugin.vim
061.365  000.443  000.443: sourcing /usr/local/Cellar/neovim/0.5.0/share/nvim/runtime/indent.vim
063.278  000.146  000.146: sourcing /usr/local/Cellar/neovim/0.5.0/share/nvim/runtime/syntax/syncolor.vim
064.331  000.147  000.147: sourcing /usr/local/Cellar/neovim/0.5.0/share/nvim/runtime/syntax/syncolor.vim
065.177  000.126  000.126: sourcing /usr/local/Cellar/neovim/0.5.0/share/nvim/runtime/syntax/syncolor.vim
076.455  014.495  014.076: sourcing /Users/prize/.config/nvim/plugged/vim-code-dark/colors/codedark.vim
134.342  120.553  065.791: sourcing /Users/prize/.config/nvim/init.vim
134.358  000.640: sourcing vimrc file(s)
136.847  000.613  000.613: sourcing /Users/prize/.config/nvim/plugged/coc.nvim/autoload/coc/rpc.vim
138.087  001.108  001.108: sourcing /Users/prize/.config/nvim/plugged/coc.nvim/autoload/coc/util.vim
139.371  000.974  000.974: sourcing /Users/prize/.config/nvim/plugged/coc.nvim/autoload/coc/client.vim
145.179  009.481  006.788: sourcing /Users/prize/.config/nvim/plugged/coc.nvim/plugin/coc.vim
148.557  002.441  002.441: sourcing /Users/prize/.config/nvim/plugged/emmet-vim/plugin/emmet.vim
150.503  001.285  001.285: sourcing /Users/prize/.config/nvim/plugged/fzf/plugin/fzf.vim
152.368  001.255  001.255: sourcing /Users/prize/.config/nvim/plugged/fzf.vim/plugin/fzf.vim
153.234  000.347  000.347: sourcing /Users/prize/.config/nvim/plugged/vista.vim/plugin/vista.vim
155.589  000.794  000.794: sourcing /Users/prize/.config/nvim/plugged/delimitMate/autoload/delimitMate.vim
158.432  004.576  003.782: sourcing /Users/prize/.config/nvim/plugged/delimitMate/plugin/delimitMate.vim
160.576  000.890  000.890: sourcing /Users/prize/.config/nvim/plugged/vim-sandwich/plugin/operator/sandwich.vim
160.936  000.279  000.279: sourcing /Users/prize/.config/nvim/plugged/vim-sandwich/plugin/sandwich.vim
161.293  000.254  000.254: sourcing /Users/prize/.config/nvim/plugged/vim-sandwich/plugin/textobj/sandwich.vim
162.230  000.361  000.361: sourcing /Users/prize/.config/nvim/plugged/vim-commentary/plugin/commentary.vim
163.946  001.222  001.222: sourcing /Users/prize/.config/nvim/plugged/vim-abolish/plugin/abolish.vim
165.368  000.741  000.741: sourcing /Users/prize/.config/nvim/plugged/tabular/plugin/Tabular.vim
166.776  000.644  000.644: sourcing /Users/prize/.config/nvim/plugged/undotree/plugin/undotree.vim
171.155  003.065  003.065: sourcing /Users/prize/.config/nvim/plugged/nvim-ts-autotag/plugin/nvim-ts-autotag.vim
172.302  000.771  000.771: sourcing /Users/prize/.config/nvim/plugged/nvim-treesitter/plugin/nvim-treesitter.vim
174.645  002.100  002.100: sourcing /Users/prize/.config/nvim/plugged/vim-fugitive/plugin/fugitive.vim
175.938  000.381  000.381: sourcing /Users/prize/.config/nvim/plugged/plenary.nvim/plugin/plenary.vim
177.582  000.527  000.527: sourcing /Users/prize/.config/nvim/plugged/indent-blankline.nvim/autoload/indent_blankline/helper.vim
180.703  004.143  003.615: sourcing /Users/prize/.config/nvim/plugged/indent-blankline.nvim/plugin/indent_blankline.vim
183.022  000.680  000.680: sourcing /Users/prize/.config/nvim/plugged/vim-airline/autoload/airline/init.vim
183.662  000.167  000.167: sourcing /Users/prize/.config/nvim/plugged/vim-airline/autoload/airline/parts.vim
184.141  000.083  000.083: sourcing /Users/prize/.config/nvim/plugged/vim-airline/autoload/airline/formatter/short_path.vim
185.780  000.371  000.371: sourcing /Users/prize/.config/nvim/plugged/vim-airline/autoload/airline/util.vim
185.888  004.530  003.229: sourcing /Users/prize/.config/nvim/plugged/vim-airline/plugin/airline.vim
189.172  000.950  000.950: sourcing /Users/prize/.config/nvim/plugged/vim-airline/autoload/airline.vim
190.492  003.900  002.949: sourcing /Users/prize/.config/nvim/plugged/vim-devicons/plugin/webdevicons.vim
192.557  000.582  000.582: sourcing /usr/local/Cellar/neovim/0.5.0/share/nvim/runtime/plugin/gzip.vim
192.872  000.187  000.187: sourcing /usr/local/Cellar/neovim/0.5.0/share/nvim/runtime/plugin/health.vim
193.340  000.352  000.352: sourcing /usr/local/Cellar/neovim/0.5.0/share/nvim/runtime/plugin/man.vim
195.792  000.611  000.611: sourcing /usr/local/Cellar/neovim/0.5.0/share/nvim/runtime/pack/dist/opt/matchit/plugin/matchit.vim
196.044  002.598  001.986: sourcing /usr/local/Cellar/neovim/0.5.0/share/nvim/runtime/plugin/matchit.vim
196.425  000.282  000.282: sourcing /usr/local/Cellar/neovim/0.5.0/share/nvim/runtime/plugin/matchparen.vim
197.181  000.661  000.661: sourcing /usr/local/Cellar/neovim/0.5.0/share/nvim/runtime/plugin/netrwPlugin.vim
197.577  000.263  000.263: sourcing /usr/local/Cellar/neovim/0.5.0/share/nvim/runtime/plugin/rplugin.vim
197.886  000.177  000.177: sourcing /usr/local/Cellar/neovim/0.5.0/share/nvim/runtime/plugin/shada.vim
198.136  000.122  000.122: sourcing /usr/local/Cellar/neovim/0.5.0/share/nvim/runtime/plugin/spellfile.vim
198.549  000.276  000.276: sourcing /usr/local/Cellar/neovim/0.5.0/share/nvim/runtime/plugin/tarPlugin.vim
199.011  000.348  000.348: sourcing /usr/local/Cellar/neovim/0.5.0/share/nvim/runtime/plugin/tohtml.vim
199.192  000.075  000.075: sourcing /usr/local/Cellar/neovim/0.5.0/share/nvim/runtime/plugin/tutor.vim
199.553  000.251  000.251: sourcing /usr/local/Cellar/neovim/0.5.0/share/nvim/runtime/plugin/zipPlugin.vim
203.151  019.954: loading plugins
203.372  000.221: loading packages
204.601  000.422  000.422: sourcing /Users/prize/.config/nvim/plugged/tabular/autoload/tabular.vim
206.446  002.632  002.209: sourcing /Users/prize/.config/nvim/plugged/tabular/after/plugin/TabularMaps.vim
207.067  001.063: loading after plugins
207.079  000.013: inits 3
209.841  002.762: reading ShaDa
210.723  000.080  000.080: sourcing /Users/prize/.config/nvim/plugged/indent-blankline.nvim/autoload/indent_blankline.vim
212.217  000.452  000.452: sourcing /Users/prize/.config/nvim/plugged/vim-airline/autoload/airline/extensions.vim
213.040  000.545  000.545: sourcing /Users/prize/.config/nvim/plugged/vim-airline/autoload/airline/extensions/quickfix.vim
213.846  000.474  000.474: sourcing /Users/prize/.config/nvim/plugged/vim-airline/autoload/airline/extensions/netrw.vim
214.314  000.179  000.179: sourcing /Users/prize/.config/nvim/plugged/vim-airline/autoload/airline/extensions/fzf.vim
215.694  000.217  000.217: sourcing /Users/prize/.config/nvim/plugged/vim-airline/autoload/airline/section.vim
216.379  000.338  000.338: sourcing /Users/prize/.config/nvim/plugged/vim-airline/autoload/airline/highlighter.vim
216.697  001.871  001.316: sourcing /Users/prize/.config/nvim/plugged/vim-airline/autoload/airline/extensions/term.vim
217.191  000.159  000.159: sourcing /Users/prize/.config/nvim/plugged/vim-airline/autoload/airline/extensions/undotree.vim
217.982  000.489  000.489: sourcing /Users/prize/.config/nvim/plugged/vim-airline/autoload/airline/extensions/hunks.vim
218.616  000.307  000.307: sourcing /Users/prize/.config/nvim/plugged/vim-airline/autoload/airline/extensions/vista.vim
219.441  000.447  000.447: sourcing /Users/prize/.config/nvim/plugged/vim-airline/autoload/airline/extensions/branch.vim
219.897  000.119  000.119: sourcing /Users/prize/.config/nvim/plugged/vim-airline/autoload/airline/extensions/fugitiveline.vim
220.361  000.119  000.119: sourcing /Users/prize/.config/nvim/plugged/vim-airline/autoload/airline/extensions/nvimlsp.vim
220.784  000.112  000.112: sourcing /Users/prize/.config/nvim/plugged/vim-airline/autoload/airline/extensions/coc.vim
221.484  000.314  000.314: sourcing /Users/prize/.config/nvim/plugged/vim-airline/autoload/airline/extensions/po.vim
221.999  000.220  000.220: sourcing /Users/prize/.config/nvim/plugged/vim-airline/autoload/airline/extensions/wordcount.vim
223.087  000.788  000.788: sourcing /Users/prize/.config/nvim/plugged/vim-airline/autoload/airline/extensions/tabline.vim
223.582  000.146  000.146: sourcing /Users/prize/.config/nvim/plugged/vim-airline/autoload/airline/extensions/tabline/autoshow.vim
224.484  000.399  000.399: sourcing /Users/prize/.config/nvim/plugged/vim-airline/autoload/airline/extensions/tabline/tabs.vim
225.245  000.349  000.349: sourcing /Users/prize/.config/nvim/plugged/vim-airline/autoload/airline/extensions/tabline/buffers.vim
225.835  000.117  000.117: sourcing /Users/prize/.config/nvim/plugged/vim-airline/autoload/airline/extensions/keymap.vim
226.883  000.222  000.222: sourcing /Users/prize/.config/nvim/plugged/vim-airline/autoload/airline/extensions/searchcount.vim
237.308  000.331  000.331: sourcing /Users/prize/.config/nvim/plugged/vim-airline/autoload/airline/themes.vim
237.703  001.290  000.959: sourcing /Users/prize/.config/nvim/plugged/vim-code-dark/autoload/airline/themes/codedark.vim
263.935  000.613  000.613: sourcing /Users/prize/.config/nvim/plugged/vim-airline/autoload/airline/builder.vim
265.028  000.353  000.353: sourcing /Users/prize/.config/nvim/plugged/vim-airline/autoload/airline/extensions/default.vim
318.617  098.612: opening buffers
321.563  002.946: BufEnter autocommands
321.567  000.004: editing files in windows
322.564  000.997: VimEnter autocommands
322.568  000.004: UIEnter autocommands
324.458  001.517  001.517: sourcing /usr/local/Cellar/neovim/0.5.0/share/nvim/runtime/autoload/provider/clipboard.vim
324.477  000.392: before starting main loop
327.115  001.937  001.937: sourcing /Users/prize/.config/nvim/plugged/coc.nvim/autoload/coc/float.vim
328.637  000.474  000.474: sourcing /Users/prize/.config/nvim/plugged/vim-airline/autoload/airline/extensions/tabline/ctrlspace.vim
329.427  000.425  000.425: sourcing /Users/prize/.config/nvim/plugged/vim-airline/autoload/airline/extensions/tabline/tabws.vim
330.412  000.466  000.466: sourcing /Users/prize/.config/nvim/plugged/vim-airline/autoload/airline/extensions/tabline/builder.vim
330.977  000.236  000.236: sourcing /Users/prize/.config/nvim/plugged/vim-airline/autoload/airline/extensions/tabline/buflist.vim
334.284  000.391  000.391: sourcing /Users/prize/.config/nvim/plugged/vim-devicons/autoload/airline/extensions/tabline/formatters/webdevicons.vim
334.825  000.233  000.233: sourcing /Users/prize/.config/nvim/plugged/vim-airline/autoload/airline/extensions/tabline/formatters/unique_tail_improved.vim
335.329  000.220  000.220: sourcing /Users/prize/.config/nvim/plugged/vim-airline/autoload/airline/extensions/tabline/formatters/default.vim
346.630  007.144  007.144: sourcing /Users/prize/.config/nvim/plugged/vim-fugitive/autoload/fugitive.vim
350.253  014.250: first screen update
350.257  000.004: --- NVIM STARTED ---


times in msec
 clock   self+sourced   self:  sourced script
 clock   elapsed:              other lines

000.011  000.011: --- NVIM STARTING ---
001.179  001.168: locale set
007.126  005.947: inits 1
007.182  000.056: window checked
007.191  000.008: parsing arguments
007.747  000.556: expanding arguments
007.840  000.093: inits 2
008.323  000.483: init highlight
008.325  000.002: waiting for UI
011.382  003.057: done waiting for UI
011.395  000.013: initialized screen early for UI
012.920  000.321  000.321: sourcing /usr/local/Cellar/neovim/0.5.0/share/nvim/runtime/syntax/syncolor.vim
013.474  001.096  000.774: sourcing /usr/local/Cellar/neovim/0.5.0/share/nvim/runtime/syntax/synload.vim
021.329  007.683  007.683: sourcing /usr/local/Cellar/neovim/0.5.0/share/nvim/runtime/filetype.vim
022.775  000.640  000.640: sourcing /usr/local/Cellar/neovim/0.5.0/share/nvim/runtime/scripts.vim
023.236  011.104  001.685: sourcing /usr/local/Cellar/neovim/0.5.0/share/nvim/runtime/syntax/syntax.vim
025.854  002.191  002.191: sourcing /Users/prize/.local/share/nvim/site/autoload/plug.vim
030.910  002.089  002.089: sourcing /usr/local/Cellar/neovim/0.5.0/share/nvim/runtime/ftoff.vim
038.941  000.020  000.020: sourcing /Users/prize/.config/nvim/plugged/nvim-treesitter/ftdetect/gdscript.vim
039.022  000.016  000.016: sourcing /Users/prize/.config/nvim/plugged/nvim-treesitter/ftdetect/gomod.vim
039.105  000.024  000.024: sourcing /Users/prize/.config/nvim/plugged/nvim-treesitter/ftdetect/query.vim
039.248  000.015  000.015: sourcing /Users/prize/.config/nvim/plugged/vim-fugitive/ftdetect/fugitive.vim
040.551  007.586  007.511: sourcing /usr/local/Cellar/neovim/0.5.0/share/nvim/runtime/filetype.vim
042.099  000.144  000.144: sourcing /usr/local/Cellar/neovim/0.5.0/share/nvim/runtime/ftplugin.vim
043.230  000.084  000.084: sourcing /usr/local/Cellar/neovim/0.5.0/share/nvim/runtime/indent.vim
044.669  000.174  000.174: sourcing /usr/local/Cellar/neovim/0.5.0/share/nvim/runtime/syntax/syncolor.vim
045.921  000.157  000.157: sourcing /usr/local/Cellar/neovim/0.5.0/share/nvim/runtime/syntax/syncolor.vim
046.864  000.140  000.140: sourcing /usr/local/Cellar/neovim/0.5.0/share/nvim/runtime/syntax/syncolor.vim
056.538  012.590  012.119: sourcing /Users/prize/.config/nvim/plugged/vim-code-dark/colors/codedark.vim
086.579  074.655  038.867: sourcing /Users/prize/.config/nvim/init.vim
086.592  000.542: sourcing vimrc file(s)
087.433  000.095  000.095: sourcing /Users/prize/.config/nvim/plugged/coc.nvim/autoload/coc/rpc.vim
088.133  000.590  000.590: sourcing /Users/prize/.config/nvim/plugged/coc.nvim/autoload/coc/util.vim
088.736  000.323  000.323: sourcing /Users/prize/.config/nvim/plugged/coc.nvim/autoload/coc/client.vim
094.800  007.659  006.651: sourcing /Users/prize/.config/nvim/plugged/coc.nvim/plugin/coc.vim
096.925  001.815  001.815: sourcing /Users/prize/.config/nvim/plugged/emmet-vim/plugin/emmet.vim
097.925  000.695  000.695: sourcing /Users/prize/.config/nvim/plugged/fzf/plugin/fzf.vim
098.936  000.773  000.773: sourcing /Users/prize/.config/nvim/plugged/fzf.vim/plugin/fzf.vim
099.256  000.085  000.085: sourcing /Users/prize/.config/nvim/plugged/vista.vim/plugin/vista.vim
100.299  000.360  000.360: sourcing /Users/prize/.config/nvim/plugged/delimitMate/autoload/delimitMate.vim
102.579  003.095  002.734: sourcing /Users/prize/.config/nvim/plugged/delimitMate/plugin/delimitMate.vim
104.152  000.632  000.632: sourcing /Users/prize/.config/nvim/plugged/vim-sandwich/plugin/operator/sandwich.vim
104.471  000.212  000.212: sourcing /Users/prize/.config/nvim/plugged/vim-sandwich/plugin/sandwich.vim
104.720  000.173  000.173: sourcing /Users/prize/.config/nvim/plugged/vim-sandwich/plugin/textobj/sandwich.vim
105.114  000.158  000.158: sourcing /Users/prize/.config/nvim/plugged/vim-commentary/plugin/commentary.vim
106.043  000.711  000.711: sourcing /Users/prize/.config/nvim/plugged/vim-abolish/plugin/abolish.vim
106.621  000.291  000.291: sourcing /Users/prize/.config/nvim/plugged/tabular/plugin/Tabular.vim
107.481  000.144  000.144: sourcing /Users/prize/.config/nvim/plugged/undotree/plugin/undotree.vim
109.042  001.271  001.271: sourcing /Users/prize/.config/nvim/plugged/nvim-ts-autotag/plugin/nvim-ts-autotag.vim
109.896  000.631  000.631: sourcing /Users/prize/.config/nvim/plugged/nvim-treesitter/plugin/nvim-treesitter.vim
111.456  001.322  001.322: sourcing /Users/prize/.config/nvim/plugged/vim-fugitive/plugin/fugitive.vim
111.776  000.043  000.043: sourcing /Users/prize/.config/nvim/plugged/plenary.nvim/plugin/plenary.vim
112.315  000.028  000.028: sourcing /Users/prize/.config/nvim/plugged/indent-blankline.nvim/autoload/indent_blankline/helper.vim
114.189  002.171  002.143: sourcing /Users/prize/.config/nvim/plugged/indent-blankline.nvim/plugin/indent_blankline.vim
115.018  000.112  000.112: sourcing /Users/prize/.config/nvim/plugged/vim-airline/autoload/airline/init.vim
115.536  000.091  000.091: sourcing /Users/prize/.config/nvim/plugged/vim-airline/autoload/airline/parts.vim
115.898  000.028  000.028: sourcing /Users/prize/.config/nvim/plugged/vim-airline/autoload/airline/formatter/short_path.vim
117.280  000.158  000.158: sourcing /Users/prize/.config/nvim/plugged/vim-airline/autoload/airline/util.vim
117.369  002.916  002.528: sourcing /Users/prize/.config/nvim/plugged/vim-airline/plugin/airline.vim
119.001  000.180  000.180: sourcing /Users/prize/.config/nvim/plugged/vim-airline/autoload/airline.vim
120.262  002.424  002.244: sourcing /Users/prize/.config/nvim/plugged/vim-devicons/plugin/webdevicons.vim
121.869  000.367  000.367: sourcing /usr/local/Cellar/neovim/0.5.0/share/nvim/runtime/plugin/gzip.vim
121.986  000.024  000.024: sourcing /usr/local/Cellar/neovim/0.5.0/share/nvim/runtime/plugin/health.vim
122.160  000.098  000.098: sourcing /usr/local/Cellar/neovim/0.5.0/share/nvim/runtime/plugin/man.vim
124.720  000.427  000.427: sourcing /usr/local/Cellar/neovim/0.5.0/share/nvim/runtime/pack/dist/opt/matchit/plugin/matchit.vim
125.051  002.809  002.382: sourcing /usr/local/Cellar/neovim/0.5.0/share/nvim/runtime/plugin/matchit.vim
125.328  000.185  000.185: sourcing /usr/local/Cellar/neovim/0.5.0/share/nvim/runtime/plugin/matchparen.vim
126.406  000.796  000.796: sourcing /usr/local/Cellar/neovim/0.5.0/share/nvim/runtime/plugin/netrwPlugin.vim
126.833  000.213  000.213: sourcing /usr/local/Cellar/neovim/0.5.0/share/nvim/runtime/plugin/rplugin.vim
127.366  000.359  000.359: sourcing /usr/local/Cellar/neovim/0.5.0/share/nvim/runtime/plugin/shada.vim
127.571  000.055  000.055: sourcing /usr/local/Cellar/neovim/0.5.0/share/nvim/runtime/plugin/spellfile.vim
128.037  000.366  000.366: sourcing /usr/local/Cellar/neovim/0.5.0/share/nvim/runtime/plugin/tarPlugin.vim
128.245  000.108  000.108: sourcing /usr/local/Cellar/neovim/0.5.0/share/nvim/runtime/plugin/tohtml.vim
128.373  000.036  000.036: sourcing /usr/local/Cellar/neovim/0.5.0/share/nvim/runtime/plugin/tutor.vim
128.705  000.246  000.246: sourcing /usr/local/Cellar/neovim/0.5.0/share/nvim/runtime/plugin/zipPlugin.vim
132.267  012.792: loading plugins
132.471  000.204: loading packages
133.382  000.246  000.246: sourcing /Users/prize/.config/nvim/plugged/tabular/autoload/tabular.vim
135.050  002.215  001.969: sourcing /Users/prize/.config/nvim/plugged/tabular/after/plugin/TabularMaps.vim
135.598  000.912: loading after plugins
135.608  000.010: inits 3
137.379  001.770: reading ShaDa
138.061  000.039  000.039: sourcing /Users/prize/.config/nvim/plugged/indent-blankline.nvim/autoload/indent_blankline.vim
139.684  000.464  000.464: sourcing /Users/prize/.config/nvim/plugged/vim-airline/autoload/airline/extensions.vim
140.552  000.139  000.139: sourcing /Users/prize/.config/nvim/plugged/vim-airline/autoload/airline/extensions/quickfix.vim
141.082  000.117  000.117: sourcing /Users/prize/.config/nvim/plugged/vim-airline/autoload/airline/extensions/netrw.vim
141.560  000.058  000.058: sourcing /Users/prize/.config/nvim/plugged/vim-airline/autoload/airline/extensions/fzf.vim
142.540  000.106  000.106: sourcing /Users/prize/.config/nvim/plugged/vim-airline/autoload/airline/section.vim
143.115  000.253  000.253: sourcing /Users/prize/.config/nvim/plugged/vim-airline/autoload/airline/highlighter.vim
143.426  001.299  000.940: sourcing /Users/prize/.config/nvim/plugged/vim-airline/autoload/airline/extensions/term.vim
143.805  000.048  000.048: sourcing /Users/prize/.config/nvim/plugged/vim-airline/autoload/airline/extensions/undotree.vim
144.179  000.105  000.105: sourcing /Users/prize/.config/nvim/plugged/vim-airline/autoload/airline/extensions/hunks.vim
144.493  000.039  000.039: sourcing /Users/prize/.config/nvim/plugged/vim-airline/autoload/airline/extensions/vista.vim
145.060  000.267  000.267: sourcing /Users/prize/.config/nvim/plugged/vim-airline/autoload/airline/extensions/branch.vim
145.438  000.071  000.071: sourcing /Users/prize/.config/nvim/plugged/vim-airline/autoload/airline/extensions/fugitiveline.vim
145.871  000.067  000.067: sourcing /Users/prize/.config/nvim/plugged/vim-airline/autoload/airline/extensions/nvimlsp.vim
146.218  000.068  000.068: sourcing /Users/prize/.config/nvim/plugged/vim-airline/autoload/airline/extensions/coc.vim
146.770  000.193  000.193: sourcing /Users/prize/.config/nvim/plugged/vim-airline/autoload/airline/extensions/po.vim
147.242  000.164  000.164: sourcing /Users/prize/.config/nvim/plugged/vim-airline/autoload/airline/extensions/wordcount.vim
147.847  000.336  000.336: sourcing /Users/prize/.config/nvim/plugged/vim-airline/autoload/airline/extensions/tabline.vim
148.243  000.096  000.096: sourcing /Users/prize/.config/nvim/plugged/vim-airline/autoload/airline/extensions/tabline/autoshow.vim
149.059  000.175  000.175: sourcing /Users/prize/.config/nvim/plugged/vim-airline/autoload/airline/extensions/tabline/tabs.vim
149.745  000.257  000.257: sourcing /Users/prize/.config/nvim/plugged/vim-airline/autoload/airline/extensions/tabline/buffers.vim
150.243  000.075  000.075: sourcing /Users/prize/.config/nvim/plugged/vim-airline/autoload/airline/extensions/keymap.vim
151.137  000.108  000.108: sourcing /Users/prize/.config/nvim/plugged/vim-airline/autoload/airline/extensions/searchcount.vim
161.000  000.132  000.132: sourcing /Users/prize/.config/nvim/plugged/vim-airline/autoload/airline/themes.vim
161.257  000.740  000.608: sourcing /Users/prize/.config/nvim/plugged/vim-code-dark/autoload/airline/themes/codedark.vim
185.161  000.445  000.445: sourcing /Users/prize/.config/nvim/plugged/vim-airline/autoload/airline/builder.vim
186.157  000.234  000.234: sourcing /Users/prize/.config/nvim/plugged/vim-airline/autoload/airline/extensions/default.vim
249.987  107.004: opening buffers
252.875  002.888: BufEnter autocommands
252.879  000.004: editing files in windows
253.363  000.484: VimEnter autocommands
253.365  000.003: UIEnter autocommands
254.012  000.303  000.303: sourcing /usr/local/Cellar/neovim/0.5.0/share/nvim/runtime/autoload/provider/clipboard.vim
254.022  000.353: before starting main loop
255.772  001.637  001.637: sourcing /Users/prize/.config/nvim/plugged/coc.nvim/autoload/coc/float.vim
257.087  000.170  000.170: sourcing /Users/prize/.config/nvim/plugged/vim-airline/autoload/airline/extensions/tabline/ctrlspace.vim
257.485  000.118  000.118: sourcing /Users/prize/.config/nvim/plugged/vim-airline/autoload/airline/extensions/tabline/tabws.vim
258.138  000.143  000.143: sourcing /Users/prize/.config/nvim/plugged/vim-airline/autoload/airline/extensions/tabline/builder.vim
258.520  000.080  000.080: sourcing /Users/prize/.config/nvim/plugged/vim-airline/autoload/airline/extensions/tabline/buflist.vim
261.229  000.042  000.042: sourcing /Users/prize/.config/nvim/plugged/vim-devicons/autoload/airline/extensions/tabline/formatters/webdevicons.vim
261.569  000.076  000.076: sourcing /Users/prize/.config/nvim/plugged/vim-airline/autoload/airline/extensions/tabline/formatters/unique_tail_improved.vim
261.881  000.064  000.064: sourcing /Users/prize/.config/nvim/plugged/vim-airline/autoload/airline/extensions/tabline/formatters/default.vim
270.923  004.801  004.801: sourcing /Users/prize/.config/nvim/plugged/vim-fugitive/autoload/fugitive.vim
274.584  013.430: first screen update
274.588  000.005: --- NVIM STARTED ---


times in msec
 clock   self+sourced   self:  sourced script
 clock   elapsed:              other lines

000.010  000.010: --- NVIM STARTING ---
001.177  001.167: locale set
006.365  005.188: inits 1
006.395  000.030: window checked
006.401  000.005: parsing arguments
006.716  000.315: expanding arguments
006.790  000.074: inits 2
007.215  000.425: init highlight
007.216  000.002: waiting for UI
010.152  002.935: done waiting for UI
010.168  000.016: initialized screen early for UI
012.205  000.407  000.407: sourcing /usr/local/Cellar/neovim/0.5.0/share/nvim/runtime/syntax/syncolor.vim
012.778  001.193  000.786: sourcing /usr/local/Cellar/neovim/0.5.0/share/nvim/runtime/syntax/synload.vim
020.132  007.186  007.186: sourcing /usr/local/Cellar/neovim/0.5.0/share/nvim/runtime/filetype.vim
021.372  000.496  000.496: sourcing /usr/local/Cellar/neovim/0.5.0/share/nvim/runtime/scripts.vim
021.695  010.369  001.494: sourcing /usr/local/Cellar/neovim/0.5.0/share/nvim/runtime/syntax/syntax.vim
023.532  001.678  001.678: sourcing /Users/prize/.local/share/nvim/site/autoload/plug.vim
028.657  001.823  001.823: sourcing /usr/local/Cellar/neovim/0.5.0/share/nvim/runtime/ftoff.vim
036.644  000.020  000.020: sourcing /Users/prize/.config/nvim/plugged/nvim-treesitter/ftdetect/gdscript.vim
036.725  000.017  000.017: sourcing /Users/prize/.config/nvim/plugged/nvim-treesitter/ftdetect/gomod.vim
036.808  000.024  000.024: sourcing /Users/prize/.config/nvim/plugged/nvim-treesitter/ftdetect/query.vim
036.949  000.017  000.017: sourcing /Users/prize/.config/nvim/plugged/vim-fugitive/ftdetect/fugitive.vim
037.895  007.173  007.095: sourcing /usr/local/Cellar/neovim/0.5.0/share/nvim/runtime/filetype.vim
038.464  000.047  000.047: sourcing /usr/local/Cellar/neovim/0.5.0/share/nvim/runtime/ftplugin.vim
039.004  000.039  000.039: sourcing /usr/local/Cellar/neovim/0.5.0/share/nvim/runtime/indent.vim
040.325  000.140  000.140: sourcing /usr/local/Cellar/neovim/0.5.0/share/nvim/runtime/syntax/syncolor.vim
041.757  000.453  000.453: sourcing /usr/local/Cellar/neovim/0.5.0/share/nvim/runtime/syntax/syncolor.vim
042.986  000.140  000.140: sourcing /usr/local/Cellar/neovim/0.5.0/share/nvim/runtime/syntax/syncolor.vim
053.810  014.015  013.282: sourcing /Users/prize/.config/nvim/plugged/vim-code-dark/colors/codedark.vim
086.205  075.109  039.965: sourcing /Users/prize/.config/nvim/init.vim
086.220  000.943: sourcing vimrc file(s)
087.328  000.096  000.096: sourcing /Users/prize/.config/nvim/plugged/coc.nvim/autoload/coc/rpc.vim
088.080  000.639  000.639: sourcing /Users/prize/.config/nvim/plugged/coc.nvim/autoload/coc/util.vim
088.599  000.199  000.199: sourcing /Users/prize/.config/nvim/plugged/coc.nvim/autoload/coc/client.vim
094.693  007.672  006.738: sourcing /Users/prize/.config/nvim/plugged/coc.nvim/plugin/coc.vim
096.821  001.829  001.829: sourcing /Users/prize/.config/nvim/plugged/emmet-vim/plugin/emmet.vim
097.762  000.690  000.690: sourcing /Users/prize/.config/nvim/plugged/fzf/plugin/fzf.vim
098.791  000.790  000.790: sourcing /Users/prize/.config/nvim/plugged/fzf.vim/plugin/fzf.vim
099.125  000.094  000.094: sourcing /Users/prize/.config/nvim/plugged/vista.vim/plugin/vista.vim
100.143  000.326  000.326: sourcing /Users/prize/.config/nvim/plugged/delimitMate/autoload/delimitMate.vim
102.366  003.022  002.696: sourcing /Users/prize/.config/nvim/plugged/delimitMate/plugin/delimitMate.vim
103.687  000.755  000.755: sourcing /Users/prize/.config/nvim/plugged/vim-sandwich/plugin/operator/sandwich.vim
104.106  000.225  000.225: sourcing /Users/prize/.config/nvim/plugged/vim-sandwich/plugin/sandwich.vim
104.430  000.235  000.235: sourcing /Users/prize/.config/nvim/plugged/vim-sandwich/plugin/textobj/sandwich.vim
104.866  000.183  000.183: sourcing /Users/prize/.config/nvim/plugged/vim-commentary/plugin/commentary.vim
105.855  000.708  000.708: sourcing /Users/prize/.config/nvim/plugged/vim-abolish/plugin/abolish.vim
106.318  000.208  000.208: sourcing /Users/prize/.config/nvim/plugged/tabular/plugin/Tabular.vim
106.659  000.124  000.124: sourcing /Users/prize/.config/nvim/plugged/undotree/plugin/undotree.vim
108.301  001.382  001.382: sourcing /Users/prize/.config/nvim/plugged/nvim-ts-autotag/plugin/nvim-ts-autotag.vim
109.416  000.695  000.695: sourcing /Users/prize/.config/nvim/plugged/nvim-treesitter/plugin/nvim-treesitter.vim
111.083  001.350  001.350: sourcing /Users/prize/.config/nvim/plugged/vim-fugitive/plugin/fugitive.vim
111.454  000.053  000.053: sourcing /Users/prize/.config/nvim/plugged/plenary.nvim/plugin/plenary.vim
112.045  000.027  000.027: sourcing /Users/prize/.config/nvim/plugged/indent-blankline.nvim/autoload/indent_blankline/helper.vim
114.059  002.323  002.296: sourcing /Users/prize/.config/nvim/plugged/indent-blankline.nvim/plugin/indent_blankline.vim
114.997  000.116  000.116: sourcing /Users/prize/.config/nvim/plugged/vim-airline/autoload/airline/init.vim
115.540  000.092  000.092: sourcing /Users/prize/.config/nvim/plugged/vim-airline/autoload/airline/parts.vim
115.916  000.028  000.028: sourcing /Users/prize/.config/nvim/plugged/vim-airline/autoload/airline/formatter/short_path.vim
117.711  000.182  000.182: sourcing /Users/prize/.config/nvim/plugged/vim-airline/autoload/airline/util.vim
117.817  003.377  002.959: sourcing /Users/prize/.config/nvim/plugged/vim-airline/plugin/airline.vim
119.246  000.180  000.180: sourcing /Users/prize/.config/nvim/plugged/vim-airline/autoload/airline.vim
120.520  002.355  002.175: sourcing /Users/prize/.config/nvim/plugged/vim-devicons/plugin/webdevicons.vim
121.845  000.303  000.303: sourcing /usr/local/Cellar/neovim/0.5.0/share/nvim/runtime/plugin/gzip.vim
121.953  000.023  000.023: sourcing /usr/local/Cellar/neovim/0.5.0/share/nvim/runtime/plugin/health.vim
122.117  000.089  000.089: sourcing /usr/local/Cellar/neovim/0.5.0/share/nvim/runtime/plugin/man.vim
123.977  000.255  000.255: sourcing /usr/local/Cellar/neovim/0.5.0/share/nvim/runtime/pack/dist/opt/matchit/plugin/matchit.vim
124.224  002.025  001.770: sourcing /usr/local/Cellar/neovim/0.5.0/share/nvim/runtime/plugin/matchit.vim
124.998  000.684  000.684: sourcing /usr/local/Cellar/neovim/0.5.0/share/nvim/runtime/plugin/matchparen.vim
126.114  000.896  000.896: sourcing /usr/local/Cellar/neovim/0.5.0/share/nvim/runtime/plugin/netrwPlugin.vim
126.430  000.187  000.187: sourcing /usr/local/Cellar/neovim/0.5.0/share/nvim/runtime/plugin/rplugin.vim
126.686  000.137  000.137: sourcing /usr/local/Cellar/neovim/0.5.0/share/nvim/runtime/plugin/shada.vim
126.820  000.039  000.039: sourcing /usr/local/Cellar/neovim/0.5.0/share/nvim/runtime/plugin/spellfile.vim
127.203  000.256  000.256: sourcing /usr/local/Cellar/neovim/0.5.0/share/nvim/runtime/plugin/tarPlugin.vim
127.402  000.103  000.103: sourcing /usr/local/Cellar/neovim/0.5.0/share/nvim/runtime/plugin/tohtml.vim
127.568  000.040  000.040: sourcing /usr/local/Cellar/neovim/0.5.0/share/nvim/runtime/plugin/tutor.vim
128.081  000.393  000.393: sourcing /usr/local/Cellar/neovim/0.5.0/share/nvim/runtime/plugin/zipPlugin.vim
131.622  012.157: loading plugins
131.824  000.202: loading packages
132.728  000.245  000.245: sourcing /Users/prize/.config/nvim/plugged/tabular/autoload/tabular.vim
134.361  002.182  001.937: sourcing /Users/prize/.config/nvim/plugged/tabular/after/plugin/TabularMaps.vim
134.902  000.896: loading after plugins
134.911  000.009: inits 3
136.577  001.666: reading ShaDa
137.258  000.039  000.039: sourcing /Users/prize/.config/nvim/plugged/indent-blankline.nvim/autoload/indent_blankline.vim
138.636  000.295  000.295: sourcing /Users/prize/.config/nvim/plugged/vim-airline/autoload/airline/extensions.vim
139.002  000.071  000.071: sourcing /Users/prize/.config/nvim/plugged/vim-airline/autoload/airline/extensions/quickfix.vim
139.383  000.045  000.045: sourcing /Users/prize/.config/nvim/plugged/vim-airline/autoload/airline/extensions/netrw.vim
139.928  000.051  000.051: sourcing /Users/prize/.config/nvim/plugged/vim-airline/autoload/airline/extensions/fzf.vim
140.925  000.076  000.076: sourcing /Users/prize/.config/nvim/plugged/vim-airline/autoload/airline/section.vim
141.795  000.338  000.338: sourcing /Users/prize/.config/nvim/plugged/vim-airline/autoload/airline/highlighter.vim
142.318  001.802  001.388: sourcing /Users/prize/.config/nvim/plugged/vim-airline/autoload/airline/extensions/term.vim
142.988  000.060  000.060: sourcing /Users/prize/.config/nvim/plugged/vim-airline/autoload/airline/extensions/undotree.vim
143.405  000.138  000.138: sourcing /Users/prize/.config/nvim/plugged/vim-airline/autoload/airline/extensions/hunks.vim
143.723  000.039  000.039: sourcing /Users/prize/.config/nvim/plugged/vim-airline/autoload/airline/extensions/vista.vim
144.315  000.289  000.289: sourcing /Users/prize/.config/nvim/plugged/vim-airline/autoload/airline/extensions/branch.vim
144.698  000.070  000.070: sourcing /Users/prize/.config/nvim/plugged/vim-airline/autoload/airline/extensions/fugitiveline.vim
145.096  000.070  000.070: sourcing /Users/prize/.config/nvim/plugged/vim-airline/autoload/airline/extensions/nvimlsp.vim
145.442  000.069  000.069: sourcing /Users/prize/.config/nvim/plugged/vim-airline/autoload/airline/extensions/coc.vim
146.138  000.262  000.262: sourcing /Users/prize/.config/nvim/plugged/vim-airline/autoload/airline/extensions/po.vim
146.600  000.166  000.166: sourcing /Users/prize/.config/nvim/plugged/vim-airline/autoload/airline/extensions/wordcount.vim
147.174  000.305  000.305: sourcing /Users/prize/.config/nvim/plugged/vim-airline/autoload/airline/extensions/tabline.vim
147.577  000.100  000.100: sourcing /Users/prize/.config/nvim/plugged/vim-airline/autoload/airline/extensions/tabline/autoshow.vim
148.226  000.166  000.166: sourcing /Users/prize/.config/nvim/plugged/vim-airline/autoload/airline/extensions/tabline/tabs.vim
148.835  000.256  000.256: sourcing /Users/prize/.config/nvim/plugged/vim-airline/autoload/airline/extensions/tabline/buffers.vim
149.286  000.075  000.075: sourcing /Users/prize/.config/nvim/plugged/vim-airline/autoload/airline/extensions/keymap.vim
150.215  000.109  000.109: sourcing /Users/prize/.config/nvim/plugged/vim-airline/autoload/airline/extensions/searchcount.vim
159.944  000.135  000.135: sourcing /Users/prize/.config/nvim/plugged/vim-airline/autoload/airline/themes.vim
160.205  000.893  000.758: sourcing /Users/prize/.config/nvim/plugged/vim-code-dark/autoload/airline/themes/codedark.vim
183.122  000.342  000.342: sourcing /Users/prize/.config/nvim/plugged/vim-airline/autoload/airline/builder.vim
183.910  000.207  000.207: sourcing /Users/prize/.config/nvim/plugged/vim-airline/autoload/airline/extensions/default.vim
238.186  095.689: opening buffers
241.092  002.906: BufEnter autocommands
241.100  000.008: editing files in windows
241.968  000.867: VimEnter autocommands
241.971  000.003: UIEnter autocommands
242.806  000.476  000.476: sourcing /usr/local/Cellar/neovim/0.5.0/share/nvim/runtime/autoload/provider/clipboard.vim
242.817  000.370: before starting main loop
244.327  001.382  001.382: sourcing /Users/prize/.config/nvim/plugged/coc.nvim/autoload/coc/float.vim
245.469  000.134  000.134: sourcing /Users/prize/.config/nvim/plugged/vim-airline/autoload/airline/extensions/tabline/ctrlspace.vim
245.848  000.117  000.117: sourcing /Users/prize/.config/nvim/plugged/vim-airline/autoload/airline/extensions/tabline/tabws.vim
246.469  000.146  000.146: sourcing /Users/prize/.config/nvim/plugged/vim-airline/autoload/airline/extensions/tabline/builder.vim
246.868  000.082  000.082: sourcing /Users/prize/.config/nvim/plugged/vim-airline/autoload/airline/extensions/tabline/buflist.vim
249.896  000.051  000.051: sourcing /Users/prize/.config/nvim/plugged/vim-devicons/autoload/airline/extensions/tabline/formatters/webdevicons.vim
250.247  000.080  000.080: sourcing /Users/prize/.config/nvim/plugged/vim-airline/autoload/airline/extensions/tabline/formatters/unique_tail_improved.vim
250.565  000.067  000.067: sourcing /Users/prize/.config/nvim/plugged/vim-airline/autoload/airline/extensions/tabline/formatters/default.vim
259.607  004.782  004.782: sourcing /Users/prize/.config/nvim/plugged/vim-fugitive/autoload/fugitive.vim
262.662  013.003: first screen update
262.665  000.003: --- NVIM STARTED ---


times in msec
 clock   self+sourced   self:  sourced script
 clock   elapsed:              other lines

000.013  000.013: --- NVIM STARTING ---
006.331  006.318: locale set
017.037  010.707: inits 1
017.214  000.177: window checked
017.224  000.009: parsing arguments
017.974  000.751: expanding arguments
018.468  000.494: inits 2
019.302  000.834: init highlight
019.304  000.002: waiting for UI
022.755  003.451: done waiting for UI
022.773  000.018: initialized screen early for UI
027.397  000.911  000.911: sourcing /usr/local/Cellar/neovim/0.5.0/share/nvim/runtime/syntax/syncolor.vim
028.289  002.328  001.416: sourcing /usr/local/Cellar/neovim/0.5.0/share/nvim/runtime/syntax/synload.vim
036.606  008.148  008.148: sourcing /usr/local/Cellar/neovim/0.5.0/share/nvim/runtime/filetype.vim
040.257  001.399  001.399: sourcing /usr/local/Cellar/neovim/0.5.0/share/nvim/runtime/scripts.vim
040.764  015.785  003.911: sourcing /usr/local/Cellar/neovim/0.5.0/share/nvim/runtime/syntax/syntax.vim
044.114  003.115  003.115: sourcing /Users/prize/.local/share/nvim/site/autoload/plug.vim
049.623  002.644  002.644: sourcing /usr/local/Cellar/neovim/0.5.0/share/nvim/runtime/ftoff.vim
060.111  000.576  000.576: sourcing /Users/prize/.config/nvim/plugged/nvim-treesitter/ftdetect/gdscript.vim
060.773  000.515  000.515: sourcing /Users/prize/.config/nvim/plugged/nvim-treesitter/ftdetect/gomod.vim
061.191  000.272  000.272: sourcing /Users/prize/.config/nvim/plugged/nvim-treesitter/ftdetect/query.vim
061.948  000.538  000.538: sourcing /Users/prize/.config/nvim/plugged/vim-fugitive/ftdetect/fugitive.vim
063.096  011.021  009.120: sourcing /usr/local/Cellar/neovim/0.5.0/share/nvim/runtime/filetype.vim
064.253  000.608  000.608: sourcing /usr/local/Cellar/neovim/0.5.0/share/nvim/runtime/ftplugin.vim
065.460  000.504  000.504: sourcing /usr/local/Cellar/neovim/0.5.0/share/nvim/runtime/indent.vim
067.162  000.158  000.158: sourcing /usr/local/Cellar/neovim/0.5.0/share/nvim/runtime/syntax/syncolor.vim
068.293  000.156  000.156: sourcing /usr/local/Cellar/neovim/0.5.0/share/nvim/runtime/syntax/syncolor.vim
069.179  000.143  000.143: sourcing /usr/local/Cellar/neovim/0.5.0/share/nvim/runtime/syntax/syncolor.vim
079.062  012.913  012.456: sourcing /Users/prize/.config/nvim/plugged/vim-code-dark/colors/codedark.vim
132.538  108.555  061.965: sourcing /Users/prize/.config/nvim/init.vim
132.553  001.225: sourcing vimrc file(s)
134.226  000.453  000.453: sourcing /Users/prize/.config/nvim/plugged/coc.nvim/autoload/coc/rpc.vim
135.671  001.292  001.292: sourcing /Users/prize/.config/nvim/plugged/coc.nvim/autoload/coc/util.vim
136.839  000.856  000.856: sourcing /Users/prize/.config/nvim/plugged/coc.nvim/autoload/coc/client.vim
142.528  009.301  006.700: sourcing /Users/prize/.config/nvim/plugged/coc.nvim/plugin/coc.vim
145.140  002.292  002.292: sourcing /Users/prize/.config/nvim/plugged/emmet-vim/plugin/emmet.vim
146.572  001.172  001.172: sourcing /Users/prize/.config/nvim/plugged/fzf/plugin/fzf.vim
148.002  001.193  001.193: sourcing /Users/prize/.config/nvim/plugged/fzf.vim/plugin/fzf.vim
148.569  000.334  000.334: sourcing /Users/prize/.config/nvim/plugged/vista.vim/plugin/vista.vim
150.273  000.585  000.585: sourcing /Users/prize/.config/nvim/plugged/delimitMate/autoload/delimitMate.vim
152.762  003.970  003.386: sourcing /Users/prize/.config/nvim/plugged/delimitMate/plugin/delimitMate.vim
154.206  000.861  000.861: sourcing /Users/prize/.config/nvim/plugged/vim-sandwich/plugin/operator/sandwich.vim
154.632  000.337  000.337: sourcing /Users/prize/.config/nvim/plugged/vim-sandwich/plugin/sandwich.vim
154.996  000.283  000.283: sourcing /Users/prize/.config/nvim/plugged/vim-sandwich/plugin/textobj/sandwich.vim
155.624  000.393  000.393: sourcing /Users/prize/.config/nvim/plugged/vim-commentary/plugin/commentary.vim
157.459  001.431  001.431: sourcing /Users/prize/.config/nvim/plugged/vim-abolish/plugin/abolish.vim
158.376  000.637  000.637: sourcing /Users/prize/.config/nvim/plugged/tabular/plugin/Tabular.vim
159.038  000.440  000.440: sourcing /Users/prize/.config/nvim/plugged/undotree/plugin/undotree.vim
162.305  002.649  002.649: sourcing /Users/prize/.config/nvim/plugged/nvim-ts-autotag/plugin/nvim-ts-autotag.vim
163.255  000.726  000.726: sourcing /Users/prize/.config/nvim/plugged/nvim-treesitter/plugin/nvim-treesitter.vim
165.366  001.882  001.882: sourcing /Users/prize/.config/nvim/plugged/vim-fugitive/plugin/fugitive.vim
165.990  000.367  000.367: sourcing /Users/prize/.config/nvim/plugged/plenary.nvim/plugin/plenary.vim
167.174  000.261  000.261: sourcing /Users/prize/.config/nvim/plugged/indent-blankline.nvim/autoload/indent_blankline/helper.vim
169.893  003.586  003.325: sourcing /Users/prize/.config/nvim/plugged/indent-blankline.nvim/plugin/indent_blankline.vim
171.352  000.450  000.450: sourcing /usr/local/Cellar/neovim/0.5.0/share/nvim/runtime/plugin/gzip.vim
171.601  000.165  000.165: sourcing /usr/local/Cellar/neovim/0.5.0/share/nvim/runtime/plugin/health.vim
171.948  000.272  000.272: sourcing /usr/local/Cellar/neovim/0.5.0/share/nvim/runtime/plugin/man.vim
175.676  001.117  001.117: sourcing /usr/local/Cellar/neovim/0.5.0/share/nvim/runtime/pack/dist/opt/matchit/plugin/matchit.vim
175.990  003.914  002.797: sourcing /usr/local/Cellar/neovim/0.5.0/share/nvim/runtime/plugin/matchit.vim
176.476  000.387  000.387: sourcing /usr/local/Cellar/neovim/0.5.0/share/nvim/runtime/plugin/matchparen.vim
177.454  000.887  000.887: sourcing /usr/local/Cellar/neovim/0.5.0/share/nvim/runtime/plugin/netrwPlugin.vim
177.865  000.297  000.297: sourcing /usr/local/Cellar/neovim/0.5.0/share/nvim/runtime/plugin/rplugin.vim
178.246  000.279  000.279: sourcing /usr/local/Cellar/neovim/0.5.0/share/nvim/runtime/plugin/shada.vim
178.463  000.118  000.118: sourcing /usr/local/Cellar/neovim/0.5.0/share/nvim/runtime/plugin/spellfile.vim
178.782  000.236  000.236: sourcing /usr/local/Cellar/neovim/0.5.0/share/nvim/runtime/plugin/tarPlugin.vim
179.239  000.368  000.368: sourcing /usr/local/Cellar/neovim/0.5.0/share/nvim/runtime/plugin/tohtml.vim
179.427  000.099  000.099: sourcing /usr/local/Cellar/neovim/0.5.0/share/nvim/runtime/plugin/tutor.vim
179.799  000.288  000.288: sourcing /usr/local/Cellar/neovim/0.5.0/share/nvim/runtime/plugin/zipPlugin.vim
182.781  010.613: loading plugins
182.981  000.200: loading packages
184.294  000.544  000.544: sourcing /Users/prize/.config/nvim/plugged/tabular/autoload/tabular.vim
185.935  002.590  002.046: sourcing /Users/prize/.config/nvim/plugged/tabular/after/plugin/TabularMaps.vim
186.579  001.008: loading after plugins
186.588  000.009: inits 3
189.352  002.764: reading ShaDa
190.421  000.138  000.138: sourcing /Users/prize/.config/nvim/plugged/indent-blankline.nvim/autoload/indent_blankline.vim
191.177  001.687: opening buffers
194.069  002.892: BufEnter autocommands
194.072  000.003: editing files in windows
194.769  000.697: VimEnter autocommands
194.772  000.003: UIEnter autocommands
195.594  000.532  000.532: sourcing /usr/local/Cellar/neovim/0.5.0/share/nvim/runtime/autoload/provider/clipboard.vim
195.605  000.301: before starting main loop
197.012  001.053  001.053: sourcing /Users/prize/.config/nvim/plugged/coc.nvim/autoload/coc/float.vim
197.806  001.148: first screen update
197.808  000.002: --- NVIM STARTED ---


times in msec
 clock   self+sourced   self:  sourced script
 clock   elapsed:              other lines

000.010  000.010: --- NVIM STARTING ---
001.158  001.148: locale set
006.766  005.608: inits 1
006.801  000.035: window checked
006.807  000.006: parsing arguments
007.150  000.343: expanding arguments
007.244  000.094: inits 2
007.714  000.470: init highlight
007.716  000.002: waiting for UI
010.895  003.180: done waiting for UI
010.912  000.016: initialized screen early for UI
013.828  000.301  000.301: sourcing /usr/local/Cellar/neovim/0.5.0/share/nvim/runtime/syntax/syncolor.vim
014.499  001.209  000.908: sourcing /usr/local/Cellar/neovim/0.5.0/share/nvim/runtime/syntax/synload.vim
023.124  008.421  008.421: sourcing /usr/local/Cellar/neovim/0.5.0/share/nvim/runtime/filetype.vim
024.496  000.570  000.570: sourcing /usr/local/Cellar/neovim/0.5.0/share/nvim/runtime/scripts.vim
024.862  012.701  002.502: sourcing /usr/local/Cellar/neovim/0.5.0/share/nvim/runtime/syntax/syntax.vim
027.263  002.222  002.222: sourcing /Users/prize/.local/share/nvim/site/autoload/plug.vim
032.675  001.669  001.669: sourcing /usr/local/Cellar/neovim/0.5.0/share/nvim/runtime/ftoff.vim
040.455  000.020  000.020: sourcing /Users/prize/.config/nvim/plugged/nvim-treesitter/ftdetect/gdscript.vim
040.541  000.019  000.019: sourcing /Users/prize/.config/nvim/plugged/nvim-treesitter/ftdetect/gomod.vim
040.636  000.027  000.027: sourcing /Users/prize/.config/nvim/plugged/nvim-treesitter/ftdetect/query.vim
040.788  000.019  000.019: sourcing /Users/prize/.config/nvim/plugged/vim-fugitive/ftdetect/fugitive.vim
041.751  007.152  007.068: sourcing /usr/local/Cellar/neovim/0.5.0/share/nvim/runtime/filetype.vim
042.304  000.043  000.043: sourcing /usr/local/Cellar/neovim/0.5.0/share/nvim/runtime/ftplugin.vim
042.898  000.039  000.039: sourcing /usr/local/Cellar/neovim/0.5.0/share/nvim/runtime/indent.vim
043.852  000.135  000.135: sourcing /usr/local/Cellar/neovim/0.5.0/share/nvim/runtime/syntax/syncolor.vim
045.302  000.150  000.150: sourcing /usr/local/Cellar/neovim/0.5.0/share/nvim/runtime/syntax/syncolor.vim
046.441  000.145  000.145: sourcing /usr/local/Cellar/neovim/0.5.0/share/nvim/runtime/syntax/syncolor.vim
056.590  013.197  012.768: sourcing /Users/prize/.config/nvim/plugged/vim-code-dark/colors/codedark.vim
149.174  137.547  100.525: sourcing /Users/prize/.config/nvim/init.vim
149.192  000.733: sourcing vimrc file(s)
150.157  000.099  000.099: sourcing /Users/prize/.config/nvim/plugged/coc.nvim/autoload/coc/rpc.vim
175.926  002.533  002.533: sourcing /Users/prize/.config/nvim/plugged/coc.nvim/autoload/coc/util.vim
177.303  000.580  000.580: sourcing /Users/prize/.config/nvim/plugged/coc.nvim/autoload/coc/client.vim
186.890  037.054  033.842: sourcing /Users/prize/.config/nvim/plugged/coc.nvim/plugin/coc.vim
189.914  002.516  002.516: sourcing /Users/prize/.config/nvim/plugged/emmet-vim/plugin/emmet.vim
191.205  000.925  000.925: sourcing /Users/prize/.config/nvim/plugged/fzf/plugin/fzf.vim
192.626  001.108  001.108: sourcing /Users/prize/.config/nvim/plugged/fzf.vim/plugin/fzf.vim
193.034  000.113  000.113: sourcing /Users/prize/.config/nvim/plugged/vista.vim/plugin/vista.vim
194.290  000.405  000.405: sourcing /Users/prize/.config/nvim/plugged/delimitMate/autoload/delimitMate.vim
197.278  003.981  003.576: sourcing /Users/prize/.config/nvim/plugged/delimitMate/plugin/delimitMate.vim
198.672  000.676  000.676: sourcing /Users/prize/.config/nvim/plugged/vim-sandwich/plugin/operator/sandwich.vim
198.971  000.206  000.206: sourcing /Users/prize/.config/nvim/plugged/vim-sandwich/plugin/sandwich.vim
199.263  000.203  000.203: sourcing /Users/prize/.config/nvim/plugged/vim-sandwich/plugin/textobj/sandwich.vim
199.717  000.186  000.186: sourcing /Users/prize/.config/nvim/plugged/vim-commentary/plugin/commentary.vim
200.725  000.751  000.751: sourcing /Users/prize/.config/nvim/plugged/vim-abolish/plugin/abolish.vim
201.206  000.213  000.213: sourcing /Users/prize/.config/nvim/plugged/tabular/plugin/Tabular.vim
201.612  000.158  000.158: sourcing /Users/prize/.config/nvim/plugged/undotree/plugin/undotree.vim
203.466  001.571  001.571: sourcing /Users/prize/.config/nvim/plugged/nvim-ts-autotag/plugin/nvim-ts-autotag.vim
204.487  000.751  000.751: sourcing /Users/prize/.config/nvim/plugged/nvim-treesitter/plugin/nvim-treesitter.vim
228.454  001.933  001.933: sourcing /Users/prize/.config/nvim/plugged/vim-fugitive/plugin/fugitive.vim
228.909  000.061  000.061: sourcing /Users/prize/.config/nvim/plugged/plenary.nvim/plugin/plenary.vim
229.522  000.030  000.030: sourcing /Users/prize/.config/nvim/plugged/indent-blankline.nvim/autoload/indent_blankline/helper.vim
231.632  002.416  002.386: sourcing /Users/prize/.config/nvim/plugged/indent-blankline.nvim/plugin/indent_blankline.vim
233.349  000.334  000.334: sourcing /usr/local/Cellar/neovim/0.5.0/share/nvim/runtime/plugin/gzip.vim
233.458  000.023  000.023: sourcing /usr/local/Cellar/neovim/0.5.0/share/nvim/runtime/plugin/health.vim
233.625  000.093  000.093: sourcing /usr/local/Cellar/neovim/0.5.0/share/nvim/runtime/plugin/man.vim
235.420  000.270  000.270: sourcing /usr/local/Cellar/neovim/0.5.0/share/nvim/runtime/pack/dist/opt/matchit/plugin/matchit.vim
252.243  018.545  018.276: sourcing /usr/local/Cellar/neovim/0.5.0/share/nvim/runtime/plugin/matchit.vim
252.581  000.243  000.243: sourcing /usr/local/Cellar/neovim/0.5.0/share/nvim/runtime/plugin/matchparen.vim
253.947  001.248  001.248: sourcing /usr/local/Cellar/neovim/0.5.0/share/nvim/runtime/plugin/netrwPlugin.vim
274.095  000.308  000.308: sourcing /usr/local/Cellar/neovim/0.5.0/share/nvim/runtime/plugin/rplugin.vim
274.681  000.450  000.450: sourcing /usr/local/Cellar/neovim/0.5.0/share/nvim/runtime/plugin/shada.vim
274.822  000.042  000.042: sourcing /usr/local/Cellar/neovim/0.5.0/share/nvim/runtime/plugin/spellfile.vim
275.159  000.252  000.252: sourcing /usr/local/Cellar/neovim/0.5.0/share/nvim/runtime/plugin/tarPlugin.vim
275.371  000.127  000.127: sourcing /usr/local/Cellar/neovim/0.5.0/share/nvim/runtime/plugin/tohtml.vim
296.999  000.170  000.170: sourcing /usr/local/Cellar/neovim/0.5.0/share/nvim/runtime/plugin/tutor.vim
298.062  000.698  000.698: sourcing /usr/local/Cellar/neovim/0.5.0/share/nvim/runtime/plugin/zipPlugin.vim
303.656  077.106: loading plugins
303.961  000.305: loading packages
305.249  000.327  000.327: sourcing /Users/prize/.config/nvim/plugged/tabular/autoload/tabular.vim
307.874  003.413  003.086: sourcing /Users/prize/.config/nvim/plugged/tabular/after/plugin/TabularMaps.vim
308.581  001.207: loading after plugins
308.593  000.012: inits 3
311.123  002.530: reading ShaDa
312.087  000.051  000.051: sourcing /Users/prize/.config/nvim/plugged/indent-blankline.nvim/autoload/indent_blankline.vim
312.960  001.786: opening buffers
316.136  003.177: BufEnter autocommands
316.140  000.004: editing files in windows
316.523  000.384: VimEnter autocommands
316.526  000.003: UIEnter autocommands
317.065  000.209  000.209: sourcing /usr/local/Cellar/neovim/0.5.0/share/nvim/runtime/autoload/provider/clipboard.vim
317.075  000.339: before starting main loop
318.166  000.971  000.971: sourcing /Users/prize/.config/nvim/plugged/coc.nvim/autoload/coc/float.vim
319.166  001.120: first screen update
319.169  000.003: --- NVIM STARTED ---


times in msec
 clock   self+sourced   self:  sourced script
 clock   elapsed:              other lines

000.010  000.010: --- NVIM STARTING ---
001.253  001.243: locale set
009.150  007.897: inits 1
009.186  000.036: window checked
009.192  000.006: parsing arguments
009.550  000.358: expanding arguments
009.635  000.085: inits 2
010.135  000.500: init highlight
010.137  000.002: waiting for UI
012.820  002.683: done waiting for UI
012.831  000.011: initialized screen early for UI
014.469  000.280  000.280: sourcing /usr/local/Cellar/neovim/0.5.0/share/nvim/runtime/syntax/syncolor.vim
015.012  001.041  000.760: sourcing /usr/local/Cellar/neovim/0.5.0/share/nvim/runtime/syntax/synload.vim
024.261  009.078  009.078: sourcing /usr/local/Cellar/neovim/0.5.0/share/nvim/runtime/filetype.vim
025.703  000.580  000.580: sourcing /usr/local/Cellar/neovim/0.5.0/share/nvim/runtime/scripts.vim
026.084  012.531  001.832: sourcing /usr/local/Cellar/neovim/0.5.0/share/nvim/runtime/syntax/syntax.vim
028.212  001.945  001.945: sourcing /Users/prize/.local/share/nvim/site/autoload/plug.vim
032.319  001.552  001.552: sourcing /usr/local/Cellar/neovim/0.5.0/share/nvim/runtime/ftoff.vim
040.752  000.023  000.023: sourcing /Users/prize/.config/nvim/plugged/nvim-treesitter/ftdetect/gdscript.vim
040.845  000.020  000.020: sourcing /Users/prize/.config/nvim/plugged/nvim-treesitter/ftdetect/gomod.vim
040.942  000.027  000.027: sourcing /Users/prize/.config/nvim/plugged/nvim-treesitter/ftdetect/query.vim
041.098  000.016  000.016: sourcing /Users/prize/.config/nvim/plugged/vim-fugitive/ftdetect/fugitive.vim
042.119  007.864  007.777: sourcing /usr/local/Cellar/neovim/0.5.0/share/nvim/runtime/filetype.vim
042.676  000.045  000.045: sourcing /usr/local/Cellar/neovim/0.5.0/share/nvim/runtime/ftplugin.vim
043.231  000.040  000.040: sourcing /usr/local/Cellar/neovim/0.5.0/share/nvim/runtime/indent.vim
044.335  000.141  000.141: sourcing /usr/local/Cellar/neovim/0.5.0/share/nvim/runtime/syntax/syncolor.vim
045.341  000.139  000.139: sourcing /usr/local/Cellar/neovim/0.5.0/share/nvim/runtime/syntax/syncolor.vim
046.150  000.125  000.125: sourcing /usr/local/Cellar/neovim/0.5.0/share/nvim/runtime/syntax/syncolor.vim
054.957  011.092  010.686: sourcing /Users/prize/.config/nvim/plugged/vim-code-dark/colors/codedark.vim
083.861  070.518  035.451: sourcing /Users/prize/.config/nvim/init.vim
083.880  000.530: sourcing vimrc file(s)
084.931  000.094  000.094: sourcing /Users/prize/.config/nvim/plugged/coc.nvim/autoload/coc/rpc.vim
086.042  000.996  000.996: sourcing /Users/prize/.config/nvim/plugged/coc.nvim/autoload/coc/util.vim
087.044  000.247  000.247: sourcing /Users/prize/.config/nvim/plugged/coc.nvim/autoload/coc/client.vim
094.646  010.019  008.683: sourcing /Users/prize/.config/nvim/plugged/coc.nvim/plugin/coc.vim
097.177  001.855  001.855: sourcing /Users/prize/.config/nvim/plugged/emmet-vim/plugin/emmet.vim
098.120  000.698  000.698: sourcing /Users/prize/.config/nvim/plugged/fzf/plugin/fzf.vim
099.139  000.787  000.787: sourcing /Users/prize/.config/nvim/plugged/fzf.vim/plugin/fzf.vim
099.458  000.087  000.087: sourcing /Users/prize/.config/nvim/plugged/vista.vim/plugin/vista.vim
100.513  000.375  000.375: sourcing /Users/prize/.config/nvim/plugged/delimitMate/autoload/delimitMate.vim
103.903  004.228  003.852: sourcing /Users/prize/.config/nvim/plugged/delimitMate/plugin/delimitMate.vim
105.260  000.563  000.563: sourcing /Users/prize/.config/nvim/plugged/vim-sandwich/plugin/operator/sandwich.vim
105.518  000.180  000.180: sourcing /Users/prize/.config/nvim/plugged/vim-sandwich/plugin/sandwich.vim
105.768  000.177  000.177: sourcing /Users/prize/.config/nvim/plugged/vim-sandwich/plugin/textobj/sandwich.vim
106.166  000.163  000.163: sourcing /Users/prize/.config/nvim/plugged/vim-commentary/plugin/commentary.vim
107.061  000.677  000.677: sourcing /Users/prize/.config/nvim/plugged/vim-abolish/plugin/abolish.vim
107.516  000.203  000.203: sourcing /Users/prize/.config/nvim/plugged/tabular/plugin/Tabular.vim
107.905  000.152  000.152: sourcing /Users/prize/.config/nvim/plugged/undotree/plugin/undotree.vim
109.448  001.286  001.286: sourcing /Users/prize/.config/nvim/plugged/nvim-ts-autotag/plugin/nvim-ts-autotag.vim
110.322  000.631  000.631: sourcing /Users/prize/.config/nvim/plugged/nvim-treesitter/plugin/nvim-treesitter.vim
111.985  001.404  001.404: sourcing /Users/prize/.config/nvim/plugged/vim-fugitive/plugin/fugitive.vim
112.309  000.044  000.044: sourcing /Users/prize/.config/nvim/plugged/plenary.nvim/plugin/plenary.vim
112.866  000.027  000.027: sourcing /Users/prize/.config/nvim/plugged/indent-blankline.nvim/autoload/indent_blankline/helper.vim
114.727  002.161  002.134: sourcing /Users/prize/.config/nvim/plugged/indent-blankline.nvim/plugin/indent_blankline.vim
115.995  000.251  000.251: sourcing /usr/local/Cellar/neovim/0.5.0/share/nvim/runtime/plugin/gzip.vim
116.100  000.022  000.022: sourcing /usr/local/Cellar/neovim/0.5.0/share/nvim/runtime/plugin/health.vim
116.256  000.085  000.085: sourcing /usr/local/Cellar/neovim/0.5.0/share/nvim/runtime/plugin/man.vim
119.690  000.618  000.618: sourcing /usr/local/Cellar/neovim/0.5.0/share/nvim/runtime/pack/dist/opt/matchit/plugin/matchit.vim
120.026  003.694  003.076: sourcing /usr/local/Cellar/neovim/0.5.0/share/nvim/runtime/plugin/matchit.vim
120.286  000.170  000.170: sourcing /usr/local/Cellar/neovim/0.5.0/share/nvim/runtime/plugin/matchparen.vim
121.008  000.639  000.639: sourcing /usr/local/Cellar/neovim/0.5.0/share/nvim/runtime/plugin/netrwPlugin.vim
121.547  000.338  000.338: sourcing /usr/local/Cellar/neovim/0.5.0/share/nvim/runtime/plugin/rplugin.vim
121.971  000.278  000.278: sourcing /usr/local/Cellar/neovim/0.5.0/share/nvim/runtime/plugin/shada.vim
122.140  000.041  000.041: sourcing /usr/local/Cellar/neovim/0.5.0/share/nvim/runtime/plugin/spellfile.vim
122.411  000.187  000.187: sourcing /usr/local/Cellar/neovim/0.5.0/share/nvim/runtime/plugin/tarPlugin.vim
122.594  000.098  000.098: sourcing /usr/local/Cellar/neovim/0.5.0/share/nvim/runtime/plugin/tohtml.vim
122.741  000.064  000.064: sourcing /usr/local/Cellar/neovim/0.5.0/share/nvim/runtime/plugin/tutor.vim
123.085  000.261  000.261: sourcing /usr/local/Cellar/neovim/0.5.0/share/nvim/runtime/plugin/zipPlugin.vim
126.071  010.749: loading plugins
126.284  000.213: loading packages
127.179  000.220  000.220: sourcing /Users/prize/.config/nvim/plugged/tabular/autoload/tabular.vim
128.928  002.290  002.070: sourcing /Users/prize/.config/nvim/plugged/tabular/after/plugin/TabularMaps.vim
129.512  000.938: loading after plugins
129.522  000.010: inits 3
131.338  001.816: reading ShaDa
132.101  000.037  000.037: sourcing /Users/prize/.config/nvim/plugged/indent-blankline.nvim/autoload/indent_blankline.vim
132.810  001.435: opening buffers
136.720  003.910: BufEnter autocommands
136.725  000.005: editing files in windows
137.118  000.393: VimEnter autocommands
137.120  000.003: UIEnter autocommands
137.680  000.196  000.196: sourcing /usr/local/Cellar/neovim/0.5.0/share/nvim/runtime/autoload/provider/clipboard.vim
137.688  000.372: before starting main loop
138.639  000.825  000.825: sourcing /Users/prize/.config/nvim/plugged/coc.nvim/autoload/coc/float.vim
139.435  000.922: first screen update
139.438  000.002: --- NVIM STARTED ---


times in msec
 clock   self+sourced   self:  sourced script
 clock   elapsed:              other lines

000.010  000.010: --- NVIM STARTING ---
001.281  001.271: locale set
006.952  005.671: inits 1
006.986  000.035: window checked
006.993  000.006: parsing arguments
007.339  000.346: expanding arguments
007.425  000.085: inits 2
007.961  000.537: init highlight
007.965  000.004: waiting for UI
011.373  003.408: done waiting for UI
011.387  000.014: initialized screen early for UI
013.066  000.307  000.307: sourcing /usr/local/Cellar/neovim/0.5.0/share/nvim/runtime/syntax/syncolor.vim
013.617  001.052  000.745: sourcing /usr/local/Cellar/neovim/0.5.0/share/nvim/runtime/syntax/synload.vim
021.722  007.934  007.934: sourcing /usr/local/Cellar/neovim/0.5.0/share/nvim/runtime/filetype.vim
023.103  000.554  000.554: sourcing /usr/local/Cellar/neovim/0.5.0/share/nvim/runtime/scripts.vim
023.468  011.180  001.640: sourcing /usr/local/Cellar/neovim/0.5.0/share/nvim/runtime/syntax/syntax.vim
025.598  001.952  001.952: sourcing /Users/prize/.local/share/nvim/site/autoload/plug.vim
030.712  002.086  002.086: sourcing /usr/local/Cellar/neovim/0.5.0/share/nvim/runtime/ftoff.vim
039.378  000.025  000.025: sourcing /Users/prize/.config/nvim/plugged/nvim-treesitter/ftdetect/gdscript.vim
039.466  000.017  000.017: sourcing /Users/prize/.config/nvim/plugged/nvim-treesitter/ftdetect/gomod.vim
039.564  000.030  000.030: sourcing /Users/prize/.config/nvim/plugged/nvim-treesitter/ftdetect/query.vim
039.719  000.017  000.017: sourcing /Users/prize/.config/nvim/plugged/vim-fugitive/ftdetect/fugitive.vim
040.723  007.662  007.575: sourcing /usr/local/Cellar/neovim/0.5.0/share/nvim/runtime/filetype.vim
041.290  000.055  000.055: sourcing /usr/local/Cellar/neovim/0.5.0/share/nvim/runtime/ftplugin.vim
041.895  000.045  000.045: sourcing /usr/local/Cellar/neovim/0.5.0/share/nvim/runtime/indent.vim
043.919  000.156  000.156: sourcing /usr/local/Cellar/neovim/0.5.0/share/nvim/runtime/syntax/syncolor.vim
045.260  000.198  000.198: sourcing /usr/local/Cellar/neovim/0.5.0/share/nvim/runtime/syntax/syncolor.vim
046.169  000.137  000.137: sourcing /usr/local/Cellar/neovim/0.5.0/share/nvim/runtime/syntax/syncolor.vim
055.624  012.368  011.877: sourcing /Users/prize/.config/nvim/plugged/vim-code-dark/colors/codedark.vim
086.653  074.704  039.356: sourcing /Users/prize/.config/nvim/init.vim
086.671  000.580: sourcing vimrc file(s)
087.605  000.092  000.092: sourcing /Users/prize/.config/nvim/plugged/coc.nvim/autoload/coc/rpc.vim
088.278  000.568  000.568: sourcing /Users/prize/.config/nvim/plugged/coc.nvim/autoload/coc/util.vim
088.762  000.210  000.210: sourcing /Users/prize/.config/nvim/plugged/coc.nvim/autoload/coc/client.vim
094.929  007.609  006.739: sourcing /Users/prize/.config/nvim/plugged/coc.nvim/plugin/coc.vim
097.586  001.880  001.880: sourcing /Users/prize/.config/nvim/plugged/emmet-vim/plugin/emmet.vim
098.551  000.694  000.694: sourcing /Users/prize/.config/nvim/plugged/fzf/plugin/fzf.vim
099.536  000.754  000.754: sourcing /Users/prize/.config/nvim/plugged/fzf.vim/plugin/fzf.vim
099.852  000.090  000.090: sourcing /Users/prize/.config/nvim/plugged/vista.vim/plugin/vista.vim
100.864  000.331  000.331: sourcing /Users/prize/.config/nvim/plugged/delimitMate/autoload/delimitMate.vim
103.136  003.068  002.738: sourcing /Users/prize/.config/nvim/plugged/delimitMate/plugin/delimitMate.vim
104.250  000.517  000.517: sourcing /Users/prize/.config/nvim/plugged/vim-sandwich/plugin/operator/sandwich.vim
104.501  000.177  000.177: sourcing /Users/prize/.config/nvim/plugged/vim-sandwich/plugin/sandwich.vim
104.748  000.174  000.174: sourcing /Users/prize/.config/nvim/plugged/vim-sandwich/plugin/textobj/sandwich.vim
105.139  000.162  000.162: sourcing /Users/prize/.config/nvim/plugged/vim-commentary/plugin/commentary.vim
106.015  000.654  000.654: sourcing /Users/prize/.config/nvim/plugged/vim-abolish/plugin/abolish.vim
106.652  000.229  000.229: sourcing /Users/prize/.config/nvim/plugged/tabular/plugin/Tabular.vim
107.264  000.221  000.221: sourcing /Users/prize/.config/nvim/plugged/undotree/plugin/undotree.vim
108.865  001.304  001.304: sourcing /Users/prize/.config/nvim/plugged/nvim-ts-autotag/plugin/nvim-ts-autotag.vim
110.105  000.972  000.972: sourcing /Users/prize/.config/nvim/plugged/nvim-treesitter/plugin/nvim-treesitter.vim
111.903  001.493  001.493: sourcing /Users/prize/.config/nvim/plugged/vim-fugitive/plugin/fugitive.vim
112.214  000.045  000.045: sourcing /Users/prize/.config/nvim/plugged/plenary.nvim/plugin/plenary.vim
112.757  000.028  000.028: sourcing /Users/prize/.config/nvim/plugged/indent-blankline.nvim/autoload/indent_blankline/helper.vim
114.741  002.283  002.255: sourcing /Users/prize/.config/nvim/plugged/indent-blankline.nvim/plugin/indent_blankline.vim
116.360  000.533  000.533: sourcing /usr/local/Cellar/neovim/0.5.0/share/nvim/runtime/plugin/gzip.vim
116.536  000.027  000.027: sourcing /usr/local/Cellar/neovim/0.5.0/share/nvim/runtime/plugin/health.vim
116.793  000.182  000.182: sourcing /usr/local/Cellar/neovim/0.5.0/share/nvim/runtime/plugin/man.vim
118.770  000.294  000.294: sourcing /usr/local/Cellar/neovim/0.5.0/share/nvim/runtime/pack/dist/opt/matchit/plugin/matchit.vim
119.000  002.126  001.832: sourcing /usr/local/Cellar/neovim/0.5.0/share/nvim/runtime/plugin/matchit.vim
119.315  000.238  000.238: sourcing /usr/local/Cellar/neovim/0.5.0/share/nvim/runtime/plugin/matchparen.vim
119.973  000.580  000.580: sourcing /usr/local/Cellar/neovim/0.5.0/share/nvim/runtime/plugin/netrwPlugin.vim
120.244  000.177  000.177: sourcing /usr/local/Cellar/neovim/0.5.0/share/nvim/runtime/plugin/rplugin.vim
120.469  000.138  000.138: sourcing /usr/local/Cellar/neovim/0.5.0/share/nvim/runtime/plugin/shada.vim
120.602  000.035  000.035: sourcing /usr/local/Cellar/neovim/0.5.0/share/nvim/runtime/plugin/spellfile.vim
120.829  000.150  000.150: sourcing /usr/local/Cellar/neovim/0.5.0/share/nvim/runtime/plugin/tarPlugin.vim
121.006  000.095  000.095: sourcing /usr/local/Cellar/neovim/0.5.0/share/nvim/runtime/plugin/tohtml.vim
121.121  000.031  000.031: sourcing /usr/local/Cellar/neovim/0.5.0/share/nvim/runtime/plugin/tutor.vim
121.391  000.188  000.188: sourcing /usr/local/Cellar/neovim/0.5.0/share/nvim/runtime/plugin/zipPlugin.vim
124.409  010.911: loading plugins
124.820  000.411: loading packages
126.605  000.239  000.239: sourcing /Users/prize/.config/nvim/plugged/tabular/autoload/tabular.vim
128.251  002.532  002.293: sourcing /Users/prize/.config/nvim/plugged/tabular/after/plugin/TabularMaps.vim
128.822  001.470: loading after plugins
128.831  000.009: inits 3
130.642  001.811: reading ShaDa
131.298  000.036  000.036: sourcing /Users/prize/.config/nvim/plugged/indent-blankline.nvim/autoload/indent_blankline.vim
132.010  001.332: opening buffers
135.010  003.000: BufEnter autocommands
135.014  000.004: editing files in windows
135.383  000.369: VimEnter autocommands
135.385  000.003: UIEnter autocommands
135.870  000.192  000.192: sourcing /usr/local/Cellar/neovim/0.5.0/share/nvim/runtime/autoload/provider/clipboard.vim
135.879  000.301: before starting main loop
136.875  000.890  000.890: sourcing /Users/prize/.config/nvim/plugged/coc.nvim/autoload/coc/float.vim
137.755  000.987: first screen update
137.757  000.002: --- NVIM STARTED ---
